# hmmsearch :: search profile(s) against a sequence database
# HMMER 3.4 (Aug 2023); http://hmmer.org/
# Copyright (C) 2023 Howard Hughes Medical Institute.
# Freely distributed under the BSD open source license.
# - - - - - - - - - - - - - - - - - - - - - - - - - - - - - - - - - - - -
# query HMM file:                  /home/datnguyen/Downloads/B13_KimCo_16122025/CRISPR-Cas_system/CasFinder_data/CasFinder/profiles/cas2_I_II_III_IV_V_VI_9.hmm
# target sequence database:        ./B13_annot/B13_annot.faa
# output directed to file:         CasFinder_res/hmmer_results/cas2_I_II_III_IV_V_VI_9.search_hmm.out
# model-specific thresholding:     GA cutoffs
# number of worker threads:        1
# - - - - - - - - - - - - - - - - - - - - - - - - - - - - - - - - - - - -

Query:       cas2_I_II_III_IV_V_VI_9  [M=94]
Scores for complete sequences (score includes all domains):
   --- full sequence ---   --- best 1 domain ---    -#dom-
    E-value  score  bias    E-value  score  bias    exp  N  Sequence Description
    ------- ------ -----    ------- ------ -----   ---- --  -------- -----------

   [No hits detected that satisfy reporting thresholds]


Domain annotation for each sequence (and alignments):

   [No targets detected that satisfy reporting thresholds]


Internal pipeline statistics summary:
-------------------------------------
Query model(s):                            1  (94 nodes)
Target sequences:                       4433  (1276326 residues searched)
Passed MSV filter:                       148  (0.033386); expected 88.7 (0.02)
Passed bias filter:                      119  (0.0268441); expected 88.7 (0.02)
Passed Vit filter:                         9  (0.00203023); expected 4.4 (0.001)
Passed Fwd filter:                         0  (0); expected 0.0 (1e-05)
Initial search space (Z):               4433  [actual number of targets]
Domain search space  (domZ):               0  [number of targets reported over threshold]
# CPU time: 0.02u 0.00s 00:00:00.02 Elapsed: 00:00:00.01
# Mc/sec: 7113.55
//
[ok]
