# hmmsearch :: search profile(s) against a sequence database
# HMMER 3.4 (Aug 2023); http://hmmer.org/
# Copyright (C) 2023 Howard Hughes Medical Institute.
# Freely distributed under the BSD open source license.
# - - - - - - - - - - - - - - - - - - - - - - - - - - - - - - - - - - - -
# query HMM file:                  /home/datnguyen/Downloads/B13_KimCo_16122025/CRISPR-Cas_system/CasFinder_data/CasFinder/profiles/cas3_I_6.hmm
# target sequence database:        ./B13_annot/B13_annot.faa
# output directed to file:         CasFinder_res/hmmer_results/cas3_I_6.search_hmm.out
# model-specific thresholding:     GA cutoffs
# number of worker threads:        1
# - - - - - - - - - - - - - - - - - - - - - - - - - - - - - - - - - - - -

Query:       cas3_I_6  [M=967]
Scores for complete sequences (score includes all domains):
   --- full sequence ---   --- best 1 domain ---    -#dom-
    E-value  score  bias    E-value  score  bias    exp  N  Sequence Description
    ------- ------ -----    ------- ------ -----   ---- --  -------- -----------

   [No hits detected that satisfy reporting thresholds]


Domain annotation for each sequence (and alignments):

   [No targets detected that satisfy reporting thresholds]


Internal pipeline statistics summary:
-------------------------------------
Query model(s):                            1  (967 nodes)
Target sequences:                       4433  (1276326 residues searched)
Passed MSV filter:                       182  (0.0410557); expected 88.7 (0.02)
Passed bias filter:                      117  (0.026393); expected 88.7 (0.02)
Passed Vit filter:                        16  (0.00360929); expected 4.4 (0.001)
Passed Fwd filter:                         5  (0.0011279); expected 0.0 (1e-05)
Initial search space (Z):               4433  [actual number of targets]
Domain search space  (domZ):               0  [number of targets reported over threshold]
# CPU time: 0.14u 0.00s 00:00:00.14 Elapsed: 00:00:00.13
# Mc/sec: 8868.13
//
[ok]
