# hmmsearch :: search profile(s) against a sequence database
# HMMER 3.4 (Aug 2023); http://hmmer.org/
# Copyright (C) 2023 Howard Hughes Medical Institute.
# Freely distributed under the BSD open source license.
# - - - - - - - - - - - - - - - - - - - - - - - - - - - - - - - - - - - -
# query HMM file:                  /home/datnguyen/Downloads/B13_KimCo_16122025/CRISPR-Cas_system/CasFinder_data/CasFinder/profiles/cas6_I_II_III_IV_V_VI_17.hmm
# target sequence database:        ./B13_annot/B13_annot.faa
# output directed to file:         CasFinder_res/hmmer_results/cas6_I_II_III_IV_V_VI_17.search_hmm.out
# model-specific thresholding:     GA cutoffs
# number of worker threads:        1
# - - - - - - - - - - - - - - - - - - - - - - - - - - - - - - - - - - - -

Query:       cas6_I_II_III_IV_V_VI_17  [M=322]
Scores for complete sequences (score includes all domains):
   --- full sequence ---   --- best 1 domain ---    -#dom-
    E-value  score  bias    E-value  score  bias    exp  N  Sequence Description
    ------- ------ -----    ------- ------ -----   ---- --  -------- -----------

   [No hits detected that satisfy reporting thresholds]


Domain annotation for each sequence (and alignments):

   [No targets detected that satisfy reporting thresholds]


Internal pipeline statistics summary:
-------------------------------------
Query model(s):                            1  (322 nodes)
Target sequences:                       4433  (1276326 residues searched)
Passed MSV filter:                        83  (0.0187232); expected 88.7 (0.02)
Passed bias filter:                       74  (0.016693); expected 88.7 (0.02)
Passed Vit filter:                         8  (0.00180465); expected 4.4 (0.001)
Passed Fwd filter:                         1  (0.000225581); expected 0.0 (1e-05)
Initial search space (Z):               4433  [actual number of targets]
Domain search space  (domZ):               0  [number of targets reported over threshold]
# CPU time: 0.03u 0.00s 00:00:00.03 Elapsed: 00:00:00.03
# Mc/sec: 12295.97
//
[ok]
