# hmmsearch :: search profile(s) against a sequence database
# HMMER 3.4 (Aug 2023); http://hmmer.org/
# Copyright (C) 2023 Howard Hughes Medical Institute.
# Freely distributed under the BSD open source license.
# - - - - - - - - - - - - - - - - - - - - - - - - - - - - - - - - - - - -
# query HMM file:                  /home/datnguyen/Downloads/B13_KimCo_16122025/CRISPR-Cas_system/CasFinder_data/CasFinder/profiles/casR_I_1.hmm
# target sequence database:        ./B13_annot/B13_annot.faa
# output directed to file:         CasFinder_res/hmmer_results/casR_I_1.search_hmm.out
# model-specific thresholding:     GA cutoffs
# number of worker threads:        1
# - - - - - - - - - - - - - - - - - - - - - - - - - - - - - - - - - - - -

Query:       casR_I_II_III_IV_V_VI_1  [M=198]
Scores for complete sequences (score includes all domains):
   --- full sequence ---   --- best 1 domain ---    -#dom-
    E-value  score  bias    E-value  score  bias    exp  N  Sequence       Description
    ------- ------ -----    ------- ------ -----   ---- --  --------       -----------
    2.3e-09   35.1   0.1    2.7e-09   34.9   0.1    1.1  0  OGCDPPDJ_01233  HTH-type transcriptional repressor CzrA


Domain annotation for each sequence (and alignments):
>> OGCDPPDJ_01233  HTH-type transcriptional repressor CzrA
   [No individual domains that satisfy reporting thresholds (although complete target did)]



Internal pipeline statistics summary:
-------------------------------------
Query model(s):                            1  (198 nodes)
Target sequences:                       4433  (1276326 residues searched)
Passed MSV filter:                       369  (0.0832393); expected 88.7 (0.02)
Passed bias filter:                      268  (0.0604557); expected 88.7 (0.02)
Passed Vit filter:                       111  (0.0250395); expected 4.4 (0.001)
Passed Fwd filter:                        50  (0.011279); expected 0.0 (1e-05)
Initial search space (Z):               4433  [actual number of targets]
Domain search space  (domZ):               1  [number of targets reported over threshold]
# CPU time: 0.12u 0.00s 00:00:00.12 Elapsed: 00:00:00.11
# Mc/sec: 2244.31
//
[ok]
