[20:35:03] This is prokka 1.14.6
[20:35:03] Written by Torsten Seemann <torsten.seemann@gmail.com>
[20:35:03] Homepage is https://github.com/tseemann/prokka
[20:35:03] Local time is Fri Jan 30 20:35:03 2026
[20:35:03] You are datnguyen
[20:35:03] Operating system is linux
[20:35:03] You have BioPerl 1.7.8
[20:35:03] System has 80 cores.
[20:35:03] Will use maximum of 20 cores.
[20:35:03] Annotating as >>> Bacteria <<<
[20:35:03] Generating locus_tag from 'GCA_052976505.1_ASM5297650v1_genomic.fna' contents.
[20:35:03] Setting --locustag DHKOHJCB from MD5 d14813cbb91483530c35393be0be4424
[20:35:03] Creating new output folder: GCA_052976505.1_ASM5297650v1_genomic
[20:35:03] Running: mkdir -p GCA_052976505\.1_ASM5297650v1_genomic
[20:35:03] Using filename prefix: GCA_052976505.1_ASM5297650v1_genomic.XXX
[20:35:03] Setting HMMER_NCPU=1
[20:35:03] Writing log to: GCA_052976505.1_ASM5297650v1_genomic/GCA_052976505.1_ASM5297650v1_genomic.log
[20:35:03] Command: /home/datnguyen/anaconda3/envs/prokka/bin/prokka --outdir ./ --prefix GCA_052976505.1_ASM5297650v1_genomic --cpus 20 GCA_052976505.1_ASM5297650v1_genomic.fna --outdir GCA_052976505.1_ASM5297650v1_genomic
[20:35:03] Appending to PATH: /home/datnguyen/anaconda3/envs/prokka/bin
[20:35:03] Looking for 'aragorn' - found /home/datnguyen/anaconda3/envs/prokka/bin/aragorn
[20:35:03] Determined aragorn version is 001002 from 'ARAGORN v1.2.41 Dean Laslett'
[20:35:03] Looking for 'barrnap' - found /home/datnguyen/anaconda3/envs/prokka/bin/barrnap
[20:35:03] Determined barrnap version is 000009 from 'barrnap 0.9'
[20:35:03] Looking for 'blastp' - found /home/datnguyen/anaconda3/envs/prokka/bin/blastp
[20:35:03] Determined blastp version is 002015 from 'blastp: 2.15.0+'
[20:35:03] Looking for 'cmpress' - found /home/datnguyen/anaconda3/envs/prokka/bin/cmpress
[20:35:03] Determined cmpress version is 001001 from '# INFERNAL 1.1.5 (Sep 2023)'
[20:35:03] Looking for 'cmscan' - found /home/datnguyen/anaconda3/envs/prokka/bin/cmscan
[20:35:03] Determined cmscan version is 001001 from '# INFERNAL 1.1.5 (Sep 2023)'
[20:35:03] Looking for 'egrep' - found /usr/bin/egrep
[20:35:03] Looking for 'find' - found /usr/bin/find
[20:35:03] Looking for 'grep' - found /usr/bin/grep
[20:35:03] Looking for 'hmmpress' - found /home/datnguyen/anaconda3/envs/prokka/bin/hmmpress
[20:35:03] Determined hmmpress version is 003004 from '# HMMER 3.4 (Aug 2023); http://hmmer.org/'
[20:35:03] Looking for 'hmmscan' - found /home/datnguyen/anaconda3/envs/prokka/bin/hmmscan
[20:35:03] Determined hmmscan version is 003004 from '# HMMER 3.4 (Aug 2023); http://hmmer.org/'
[20:35:03] Looking for 'java' - found /home/datnguyen/anaconda3/envs/prokka/bin/java
[20:35:03] Looking for 'makeblastdb' - found /home/datnguyen/anaconda3/envs/prokka/bin/makeblastdb
[20:35:03] Determined makeblastdb version is 002015 from 'makeblastdb: 2.15.0+'
[20:35:03] Looking for 'minced' - found /home/datnguyen/anaconda3/envs/prokka/bin/minced
[20:35:03] Determined minced version is 004002 from 'minced 0.4.2'
[20:35:03] Looking for 'parallel' - found /home/datnguyen/anaconda3/envs/prokka/bin/parallel
[20:35:03] Determined parallel version is 20240322 from 'GNU parallel 20240322'
[20:35:03] Looking for 'prodigal' - found /home/datnguyen/anaconda3/envs/prokka/bin/prodigal
[20:35:03] Determined prodigal version is 002006 from 'Prodigal V2.6.3: February, 2016'
[20:35:03] Looking for 'prokka-genbank_to_fasta_db' - found /home/datnguyen/anaconda3/envs/prokka/bin/prokka-genbank_to_fasta_db
[20:35:03] Looking for 'sed' - found /usr/bin/sed
[20:35:03] Looking for 'tbl2asn' - found /home/datnguyen/anaconda3/envs/prokka/bin/tbl2asn
[20:35:03] Determined tbl2asn version is 025008 from 'tbl2asn 25.8   arguments:'
[20:35:03] Using genetic code table 11.
[20:35:03] Loading and checking input file: GCA_052976505.1_ASM5297650v1_genomic.fna
[20:35:03] Wrote 21 contigs totalling 4061213 bp.
[20:35:03] Predicting tRNAs and tmRNAs
[20:35:03] Running: aragorn -l -gc11  -w GCA_052976505\.1_ASM5297650v1_genomic\/GCA_052976505\.1_ASM5297650v1_genomic\.fna
[20:35:05] 1 tRNA-Ala c[15809,15881] 34 (ggc)
[20:35:05] 2 tmRNA c[272101,272460] 87,134 GKTNSFNQNVALAA**
[20:35:05] 3 tRNA-Arg c[364548,364628] 36 (ccg)
[20:35:05] 4 tRNA-Phe c[999840,999913] 34 (gaa)
[20:35:05] 5 tRNA-Asp c[999949,1000025] 35 (gtc)
[20:35:05] 6 tRNA-Glu c[1000107,1000178] 34 (ttc)
[20:35:05] 7 tRNA-Lys c[1000188,1000263] 34 (ttt)
[20:35:05] 1 tRNA-Phe [10,85] 34 (gaa)
[20:35:05] 2 tRNA-Thr [91,164] 34 (tgt)
[20:35:05] 3 tRNA-Tyr [186,270] 35 (gta)
[20:35:05] 4 tRNA-Trp [276,349] 33 (cca)
[20:35:05] 5 tRNA-His [374,449] 34 (gtg)
[20:35:05] 6 tRNA-Gln [458,532] 34 (ttg)
[20:35:05] 7 tRNA-Gly [580,654] 33 (gcc)
[20:35:05] 8 tRNA-Cys [660,730] 33 (gca)
[20:35:05] 9 tRNA-Leu [738,826] 35 (taa)
[20:35:05] 10 tRNA-Leu [1091,1174] 36 (caa)
[20:35:05] 11 tRNA-Gly [14944,15017] 33 (tcc)
[20:35:05] 12 tRNA-Val [310645,310719] 35 (gac)
[20:35:05] 1 tRNA-Arg c[7355,7427] 34 (cct)
[20:35:05] 2 tRNA-Gln [435380,435450] 33 (ttg)
[20:35:05] 3 tRNA-Arg c[771990,772065] 36 (tct)
[20:35:05] 4 tRNA-Glu c[1043814,1043885] 34 (ttc)
[20:35:05] 5 tRNA-Ser c[1043911,1044001] 35 (gct)
[20:35:05] 6 tRNA-Asn c[1044005,1044079] 33 (gtt)
[20:35:05] 7 tRNA-Ile c[1044090,1044166] 35 (gat)
[20:35:05] 8 tRNA-Gly c[1044182,1044255] 33 (tcc)
[20:35:05] 9 tRNA-His c[1044266,1044341] 34 (gtg)
[20:35:05] 10 tRNA-Phe c[1044367,1044442] 34 (gaa)
[20:35:05] 1 tRNA-Met [76,152] 35 (cat)
[20:35:05] 2 tRNA-Asp [213,289] 35 (gtc)
[20:35:05] 1 tRNA-Gly c[144,217] 33 (tcc)
[20:35:05] 2 tRNA-Arg c[231,307] 35 (acg)
[20:35:05] 3 tRNA-Leu c[96528,96611] 34 (gag)
[20:35:05] 4 tRNA-Leu c[96691,96773] 35 (tag)
[20:35:05] 5 tRNA-Lys c[96785,96860] 34 (ttt)
[20:35:05] 6 tRNA-Gln c[96887,96961] 33 (ttg)
[20:35:05] 7 tRNA-Glu c[96973,97044] 34 (ttc)
[20:35:05] 8 tRNA-Ser c[97074,97164] 35 (gct)
[20:35:05] 9 tRNA-Asn c[97169,97243] 33 (gtt)
[20:35:05] 1 tRNA-Glu [17855,17929] 34 (ttc)
[20:35:05] 2 tRNA-Val [17933,18008] 34 (tac)
[20:35:05] 3 tRNA-Thr [18013,18086] 34 (tgt)
[20:35:05] 4 tRNA-Tyr [18108,18192] 35 (gta)
[20:35:05] 5 tRNA-Gln [18196,18270] 34 (ttg)
[20:35:05] 1 tRNA-Glu c[20157,20232] 35 (ttc)
[20:35:05] 2 tRNA-Met c[20241,20317] 35 (cat)
[20:35:05] 1 tRNA-Ser c[7859,7951] 37 (tga)
[20:35:05] 1 tRNA-Asn [72,146] 33 (gtt)
[20:35:05] 2 tRNA-Thr [149,221] 34 (ggt)
[20:35:05] 3 tRNA-Gly [12197,12271] 33 (gcc)
[20:35:05] 1 tRNA-Asn [247,321] 33 (gtt)
[20:35:05] 2 tRNA-Ser [327,418] 35 (gga)
[20:35:05] 3 tRNA-Glu [453,524] 34 (ttc)
[20:35:05] 4 tRNA-Val [534,609] 34 (tac)
[20:35:05] 1 tRNA-Arg [7,83] 35 (acg)
[20:35:05] 2 tRNA-Pro [99,175] 35 (tgg)
[20:35:05] 3 tRNA-Ala [181,254] 34 (tgc)
[20:35:05] 4 tRNA-Met [274,350] 35 (cat)
[20:35:05] 5 tRNA-Met [353,429] 35 (cat)
[20:35:05] 6 tRNA-Ser [436,528] 37 (tga)
[20:35:05] Found 61 tRNAs
[20:35:05] Predicting Ribosomal RNAs
[20:35:05] Running Barrnap with 20 threads
[20:35:06] 1 NZ_JBRIIM010000014.1 3 23S ribosomal RNA
[20:35:06] 2 NZ_JBRIIM010000015.1 1 16S ribosomal RNA
[20:35:06] 3 NZ_JBRIIM010000017.1 124 5S ribosomal RNA
[20:35:06] Found 3 rRNAs
[20:35:06] Skipping ncRNA search, enable with --rfam if desired.
[20:35:06] Total of 63 tRNA + rRNA features
[20:35:06] Searching for CRISPR repeats
[20:35:07] Found 0 CRISPRs
[20:35:07] Predicting coding sequences
[20:35:07] Contigs total 4061213 bp, so using single mode
[20:35:07] Running: prodigal -i GCA_052976505\.1_ASM5297650v1_genomic\/GCA_052976505\.1_ASM5297650v1_genomic\.fna -c -m -g 11 -p single -f sco -q
[20:35:19] Excluding CDS which overlaps existing RNA (tRNA) at NZ_JBRIIM010000005.1:155..268 on + strand
[20:35:19] Excluding CDS which overlaps existing RNA (rRNA) at NZ_JBRIIM010000015.1:1171..1425 on + strand
[20:35:19] Found 4073 CDS
[20:35:19] Connecting features back to sequences
[20:35:19] Not using genus-specific database. Try --usegenus to enable it.
[20:35:19] Annotating CDS, please be patient.
[20:35:19] Will use 20 CPUs for similarity searching.
[20:35:23] There are still 4073 unannotated CDS left (started with 4073)
[20:35:23] Will use blast to search against /home/datnguyen/anaconda3/envs/prokka/db/kingdom/Bacteria/IS with 20 CPUs
[20:35:23] Running: cat GCA_052976505\.1_ASM5297650v1_genomic\/GCA_052976505\.1_ASM5297650v1_genomic\.IS\.tmp\.2199537\.faa | parallel --gnu --plain -j 20 --block 30513 --recstart '>' --pipe blastp -query - -db /home/datnguyen/anaconda3/envs/prokka/db/kingdom/Bacteria/IS -evalue 1e-30 -qcov_hsp_perc 90 -num_threads 1 -num_descriptions 1 -num_alignments 1 -seg no > GCA_052976505\.1_ASM5297650v1_genomic\/GCA_052976505\.1_ASM5297650v1_genomic\.IS\.tmp\.2199537\.blast 2> /dev/null
[20:35:31] Deleting unwanted file: GCA_052976505.1_ASM5297650v1_genomic/GCA_052976505.1_ASM5297650v1_genomic.IS.tmp.2199537.faa
[20:35:31] Deleting unwanted file: GCA_052976505.1_ASM5297650v1_genomic/GCA_052976505.1_ASM5297650v1_genomic.IS.tmp.2199537.blast
[20:35:34] There are still 4070 unannotated CDS left (started with 4073)
[20:35:34] Will use blast to search against /home/datnguyen/anaconda3/envs/prokka/db/kingdom/Bacteria/AMR with 20 CPUs
[20:35:34] Running: cat GCA_052976505\.1_ASM5297650v1_genomic\/GCA_052976505\.1_ASM5297650v1_genomic\.AMR\.tmp\.2199537\.faa | parallel --gnu --plain -j 20 --block 30499 --recstart '>' --pipe blastp -query - -db /home/datnguyen/anaconda3/envs/prokka/db/kingdom/Bacteria/AMR -evalue 1e-300 -qcov_hsp_perc 90 -num_threads 1 -num_descriptions 1 -num_alignments 1 -seg no > GCA_052976505\.1_ASM5297650v1_genomic\/GCA_052976505\.1_ASM5297650v1_genomic\.AMR\.tmp\.2199537\.blast 2> /dev/null
[20:35:41] Deleting unwanted file: GCA_052976505.1_ASM5297650v1_genomic/GCA_052976505.1_ASM5297650v1_genomic.AMR.tmp.2199537.faa
[20:35:41] Deleting unwanted file: GCA_052976505.1_ASM5297650v1_genomic/GCA_052976505.1_ASM5297650v1_genomic.AMR.tmp.2199537.blast
[20:35:44] There are still 4067 unannotated CDS left (started with 4073)
[20:35:44] Will use blast to search against /home/datnguyen/anaconda3/envs/prokka/db/kingdom/Bacteria/sprot with 20 CPUs
[20:35:44] Running: cat GCA_052976505\.1_ASM5297650v1_genomic\/GCA_052976505\.1_ASM5297650v1_genomic\.sprot\.tmp\.2199537\.faa | parallel --gnu --plain -j 20 --block 30452 --recstart '>' --pipe blastp -query - -db /home/datnguyen/anaconda3/envs/prokka/db/kingdom/Bacteria/sprot -evalue 1e-09 -qcov_hsp_perc 80 -num_threads 1 -num_descriptions 1 -num_alignments 1 -seg no > GCA_052976505\.1_ASM5297650v1_genomic\/GCA_052976505\.1_ASM5297650v1_genomic\.sprot\.tmp\.2199537\.blast 2> /dev/null
[20:36:07] Modify product: Probable dual-specificity RNA methyltransferase RlmN => putative dual-specificity RNA methyltransferase RlmN
[20:36:07] Modify product: Uncharacterized protein Spy1614 => putative protein
[20:36:07] Modify product: Uncharacterized protein SA1069 => putative protein
[20:36:07] Modify product: Uncharacterized protein YlqB => putative protein YlqB
[20:36:07] Modify product: UPF0122 protein SAV1236 => hypothetical protein
[20:36:07] Modify product: UPF0109 protein Rv2908c => hypothetical protein
[20:36:07] Modify product: Probable ATP synthase YscN => putative ATP synthase YscN
[20:36:07] Modify product: Probable ribosomal protein YlxQ => putative ribosomal protein YlxQ
[20:36:07] Modify product: Uncharacterized protein YjcS => putative protein YjcS
[20:36:07] Modify product: Uncharacterized protein YjdB => putative protein YjdB
[20:36:07] Modify product: Uncharacterized protein YjdF => putative protein YjdF
[20:36:07] Modify product: Uncharacterized protein YjfB => putative protein YjfB
[20:36:07] Modify product: Uncharacterized protein YjgB => putative protein YjgB
[20:36:07] Modify product: Putative formate dehydrogenase SA2102 => Putative formate dehydrogenase
[20:36:07] Modify product: Uncharacterized lipoprotein YjhA => putative lipoprotein YjhA
[20:36:07] Modify product: Probable iron export permease protein FetB => putative iron export permease protein FetB
[20:36:07] Modify product: Uncharacterized protein YjlC => putative protein YjlC
[20:36:07] Modify product: Uncharacterized symporter YjmB => putative symporter YjmB
[20:36:07] Modify product: Uncharacterized oxidoreductase YjmC => putative oxidoreductase YjmC
[20:36:07] Modify product: Uncharacterized zinc-type alcohol dehydrogenase-like protein YjmD => putative zinc-type alcohol dehydrogenase-like protein YjmD
[20:36:07] Modify product: Uncharacterized oxidoreductase UxuB => putative oxidoreductase UxuB
[20:36:07] Modify product: Probable HTH-type transcriptional repressor ExuR => putative HTH-type transcriptional repressor ExuR
[20:36:07] Modify product: Uncharacterized protein YjoA => putative protein YjoA
[20:36:07] Modify product: Uncharacterized ATPase YjoB => putative ATPase YjoB
[20:36:08] Modify product: UPF0714 protein YmaC => hypothetical protein
[20:36:08] Modify product: Probable manganese catalase => putative manganese catalase
[20:36:08] Modify product: Uncharacterized protein YqbD => putative protein YqbD
[20:36:08] Modify product: Uncharacterized protein YqbG => putative protein YqbG
[20:36:08] Modify product: Uncharacterized protein YqbN => putative protein YqbN
[20:36:08] Modify product: Uncharacterized protein YqbO => putative protein YqbO
[20:36:08] Modify product: UPF0358 protein YlaN => hypothetical protein
[20:36:08] Modify product: Probable peptidoglycan glycosyltransferase FtsW => putative peptidoglycan glycosyltransferase FtsW
[20:36:08] Modify product: Uncharacterized protein YlbL => putative protein YlbL
[20:36:08] Modify product: Uncharacterized N-acetyltransferase YlbP => putative N-acetyltransferase YlbP
[20:36:08] Modify product: Probable peptidoglycan glycosyltransferase FtsW => putative peptidoglycan glycosyltransferase FtsW
[20:36:08] Modify product: UPF0749 protein YlxW => hypothetical protein
[20:36:08] Modify product: Uncharacterized ABC transporter ATP-binding protein YlmA => putative ABC transporter ATP-binding protein YlmA
[20:36:08] Modify product: Probable sporulation protein YlmC => putative sporulation protein YlmC
[20:36:08] Modify product: Probable adenylyl-sulfate kinase => putative adenylyl-sulfate kinase
[20:36:08] Modify product: Rqc2 homolog RqcH => Rqc2 RqcH
[20:36:08] Modify product: UPF0701 protein HI_0467 => hypothetical protein
[20:36:08] Modify product: Probable metabolite transport protein CsbC => putative metabolite transport protein CsbC
[20:36:08] Modify product: Uncharacterized protein YwqG => putative protein YwqG
[20:36:08] Modify product: Probable capsular polysaccharide biosynthesis protein YwqC => putative capsular polysaccharide biosynthesis protein YwqC
[20:36:08] Modify product: Uncharacterized protein YwpG => putative protein YwpG
[20:36:08] Modify product: Uncharacterized HTH-type transcriptional regulator BA_1941/GBAA_1941/BAS1801 => putative HTH-type transcriptional regulator/GBAA_1941/BAS1801
[20:36:08] Modify product: Probable allantoin permease => putative allantoin permease
[20:36:08] Modify product: Uncharacterized membrane protein YwnJ => putative membrane protein YwnJ
[20:36:08] Modify product: Putative heme-dependent peroxidase GK3416 => Putative heme-dependent peroxidase
[20:36:08] Modify product: Probable biofilm-surface layer protein B => putative biofilm-surface layer protein B
[20:36:08] Modify product: UPF0382 membrane protein YwdK => hypothetical protein
[20:36:08] Modify product: Uncharacterized protein YwdI => putative protein YwdI
[20:36:08] Modify product: Probable deferrochelatase/peroxidase EfeN => putative deferrochelatase/peroxidase EfeN
[20:36:08] Modify product: Probable iron uptake system component EfeM => putative iron uptake system component EfeM
[20:36:08] Modify product: UPF0299 membrane protein YohJ => hypothetical protein
[20:36:08] Modify product: Probable 6-phospho-beta-glucosidase => putative 6-phospho-beta-glucosidase
[20:36:08] Modify product: Uncharacterized protein YvyC => putative protein YvyC
[20:36:08] Modify product: Uncharacterized protein YviE => putative protein YviE
[20:36:08] Modify product: Uncharacterized protein YvyG => putative protein YvyG
[20:36:08] Modify product: Probable undecaprenyl-phosphate N-acetylglucosaminyl 1-phosphate transferase => putative undecaprenyl-phosphate N-acetylglucosaminyl 1-phosphate transferase
[20:36:08] Modify product: Uncharacterized protein Rv1339 => putative protein
[20:36:08] Modify product: Uncharacterized sugar epimerase YhfK => putative sugar epimerase YhfK
[20:36:08] Modify product: Uncharacterized acyl--CoA ligase YhfT => putative acyl--CoA ligase YhfT
[20:36:08] Modify product: Probable biotin transporter BioY => putative biotin transporter BioY
[20:36:08] Modify product: Uncharacterized oxidoreductase YghA => putative oxidoreductase YghA
[20:36:08] Modify product: Uncharacterized symporter YodF => putative symporter YodF
[20:36:08] Modify product: Probable spore germination protein GerPF => putative spore germination protein GerPF
[20:36:08] Modify product: Probable spore germination protein GerPE => putative spore germination protein GerPE
[20:36:08] Modify product: Probable spore germination protein GerPD => putative spore germination protein GerPD
[20:36:08] Modify product: Probable spore germination protein GerPC => putative spore germination protein GerPC
[20:36:08] Modify product: Probable spore germination protein GerPB => putative spore germination protein GerPB
[20:36:08] Modify product: Probable spore germination protein GerPA => putative spore germination protein GerPA
[20:36:08] Modify product: Uncharacterized protein YisK => putative protein YisK
[20:36:08] Modify product: Uncharacterized protein YizA => putative protein YizA
[20:36:08] Modify product: Probable FMN/FAD exporter YeeO => putative FMN/FAD exporter YeeO
[20:36:08] Modify product: Probable adenylyl-sulfate kinase => putative adenylyl-sulfate kinase
[20:36:08] Modify product: Probable 2-phosphosulfolactate phosphatase => putative 2-phosphosulfolactate phosphatase
[20:36:08] Modify product: UPF0234 protein Rv0566c => hypothetical protein
[20:36:08] Modify product: Uncharacterized protein YwmB => putative protein YwmB
[20:36:08] Modify product: UPF0340 protein YwlG => hypothetical protein
[20:36:08] Modify product: Probable manganese efflux pump MntP => putative manganese efflux pump MntP
[20:36:08] Modify product: Probable NAD-dependent malic enzyme 2 => putative NAD-dependent malic enzyme 2
[20:36:08] Modify product: Probable fructose-bisphosphate aldolase => putative fructose-bisphosphate aldolase
[20:36:08] Modify product: Probable iron-sulfur-binding oxidoreductase FadF => putative iron-sulfur-binding oxidoreductase FadF
[20:36:09] Modify product: Putative multidrug export ATP-binding/permease protein SAV1866 => Putative multidrug export ATP-binding/permease protein
[20:36:09] Modify product: Probable cardiolipin synthase YwiE => putative cardiolipin synthase YwiE
[20:36:09] Modify product: Probable transcription regulator ArfM => putative transcription regulator ArfM
[20:36:09] Modify product: Probable nitrate transporter NarT => putative nitrate transporter NarT
[20:36:09] Modify product: Uncharacterized beta-barrel protein YwiB => putative beta-barrel protein YwiB
[20:36:09] Modify product: Uncharacterized protein YwhK => putative protein YwhK
[20:36:09] Modify product: Uncharacterized protein YwhK => putative protein YwhK
[20:36:09] Modify product: Uncharacterized HTH-type transcriptional regulator YusO => putative HTH-type transcriptional regulator YusO
[20:36:09] Modify product: Fatty acid-binding protein TM_1468 => Fatty acid-binding protein
[20:36:09] Modify product: Purine-binding protein BAB2_0673 => Purine-binding protein
[20:36:09] Modify product: UPF0413 protein YjbH => hypothetical protein
[20:36:09] Modify product: Uncharacterized N-acetyltransferase YjcF => putative N-acetyltransferase YjcF
[20:36:09] Modify product: Uncharacterized protein YqaI => putative protein YqaI
[20:36:09] Modify product: Uncharacterized protein YycE => putative protein YycE
[20:36:09] Modify product: Uncharacterized protein YycC => putative protein YycC
[20:36:09] Modify product: Uncharacterized transporter YycB => putative transporter YycB
[20:36:09] Modify product: Uncharacterized HTH-type transcriptional regulator YybR => putative HTH-type transcriptional regulator YybR
[20:36:09] Modify product: Probable galactarate transporter => putative galactarate transporter
[20:36:09] Modify product: Uncharacterized protein YybH => putative protein YybH
[20:36:09] Modify product: Uncharacterized N-acetyltransferase YjcF => putative N-acetyltransferase YjcF
[20:36:09] Modify product: Acetyltransferase SACOL1063 => Acetyltransferase
[20:36:09] Modify product: Uncharacterized protein YyaP => putative protein YyaP
[20:36:09] Modify product: Probable dimethyl sulfoxide reductase chain YnfF => putative dimethyl sulfoxide reductase chain YnfF
[20:36:09] Modify product: Uncharacterized FAD-linked oxidoreductase YvdP => putative FAD-linked oxidoreductase YvdP
[20:36:09] Modify product: Stress response UPF0229 protein YhbH => hypothetical protein
[20:36:09] Modify product: Probable amino-acid metabolite efflux pump => putative amino-acid metabolite efflux pump
[20:36:09] Modify product: Uncharacterized amino acid permease YvbW => putative amino acid permease YvbW
[20:36:09] Modify product: Uncharacterized protein YvfG => putative protein YvfG
[20:36:09] Modify product: Uncharacterized sugar transferase EpsL => putative sugar transferase EpsL
[20:36:09] Modify product: Uncharacterized membrane protein EpsK => putative membrane protein EpsK
[20:36:09] Modify product: Uncharacterized glycosyltransferase EpsJ => putative glycosyltransferase EpsJ
[20:36:09] Modify product: Probable capsular polysaccharide biosynthesis protein YwqC => putative capsular polysaccharide biosynthesis protein YwqC
[20:36:09] Modify product: UPF0311 protein CA_C3321 => hypothetical protein
[20:36:09] Modify product: Uncharacterized HTH-type transcriptional regulator YvdT => putative HTH-type transcriptional regulator YvdT
[20:36:09] Modify product: Uncharacterized FAD-linked oxidoreductase YvdP => putative FAD-linked oxidoreductase YvdP
[20:36:09] Modify product: Probable cell division protein WhiA => putative cell division protein WhiA
[20:36:09] Modify product: Uncharacterized zinc protease Rv2782c => putative zinc protease
[20:36:09] Modify product: Uncharacterized protein YflH => putative protein YflH
[20:36:09] Modify product: Uncharacterized protein YmcA => putative protein YmcA
[20:36:09] Modify product: Probable polyketide biosynthesis zinc-dependent hydrolase PksB => putative polyketide biosynthesis zinc-dependent hydrolase PksB
[20:36:09] Modify product: Polyketide biosynthesis acyltransferase homolog PksD => Polyketide biosynthesis acyltransferase PksD
[20:36:09] Modify product: Probable polyketide biosynthesis enoyl-CoA hydratase PksH => putative polyketide biosynthesis enoyl-CoA hydratase PksH
[20:36:09] Modify product: Uncharacterized membrane protein YuaF => putative membrane protein YuaF
[20:36:09] Modify product: UPF0053 protein Rv1842c => hypothetical protein
[20:36:09] Modify product: Probable N-acetyl-LL-diaminopimelate aminotransferase => putative N-acetyl-LL-diaminopimelate aminotransferase
[20:36:09] Modify product: Putative esterase HI_1161 => Putative esterase
[20:36:09] Modify product: Uncharacterized protein YueI => putative protein YueI
[20:36:09] Modify product: Probable spore germination protein GerPF => putative spore germination protein GerPF
[20:36:09] Modify product: Putative transport protein Rv0205 => Putative transport protein
[20:36:09] Modify product: Probable licABCH operon regulator => putative licABCH operon regulator
[20:36:09] Modify product: Uncharacterized transmembrane protein YxlG => putative transmembrane protein YxlG
[20:36:09] Modify product: Uncharacterized ABC transporter ATP-binding protein YxlF => putative ABC transporter ATP-binding protein YxlF
[20:36:09] Modify product: Uncharacterized protein YxlC => putative protein YxlC
[20:36:09] Modify product: Probable ABC transporter ATP-binding/permease protein HI_0664 => putative ABC transporter ATP-binding/permease protein
[20:36:09] Modify product: Uncharacterized protein YxkC => putative protein YxkC
[20:36:09] Modify product: Probable succinyl-CoA:3-ketoacid coenzyme A transferase subunit B => putative succinyl-CoA:3-ketoacid coenzyme A transferase subunit B
[20:36:09] Modify product: Probable succinyl-CoA:3-ketoacid coenzyme A transferase subunit A => putative succinyl-CoA:3-ketoacid coenzyme A transferase subunit A
[20:36:09] Modify product: Uncharacterized esterase YxiM => putative esterase YxiM
[20:36:10] Modify product: Probable spore germination lipoprotein YhcN => putative spore germination lipoprotein YhcN
[20:36:10] Modify product: Probable peptidoglycan endopeptidase LytE => putative peptidoglycan endopeptidase LytE
[20:36:10] Modify product: Uncharacterized amino acid permease YhdG => putative amino acid permease YhdG
[20:36:10] Modify product: Probable anti-sigma-M factor YhdK => putative anti-sigma-M factor YhdK
[20:36:10] Modify product: Probable anti-sigma-M factor YhdL => putative anti-sigma-M factor YhdL
[20:36:10] Modify product: UPF0053 protein Rv1842c => hypothetical protein
[20:36:10] Modify product: UPF0053 protein Rv1842c => hypothetical protein
[20:36:10] Modify product: Peptidoglycan-N-acetylglucosamine deacetylase BC_1974 => Peptidoglycan-N-acetylglucosamine deacetylase
[20:36:10] Modify product: Probable multidrug resistance ABC transporter ATP-binding/permease protein YheI => putative multidrug resistance ABC transporter ATP-binding/permease protein YheI
[20:36:10] Modify product: Probable multidrug resistance ABC transporter ATP-binding/permease protein YheH => putative multidrug resistance ABC transporter ATP-binding/permease protein YheH
[20:36:10] Modify product: UPF0754 membrane protein SA1664 => hypothetical protein
[20:36:10] Modify product: UPF0342 protein YheA => hypothetical protein
[20:36:10] Modify product: Uncharacterized protein YhaZ => putative protein YhaZ
[20:36:10] Modify product: Multidrug efflux system ATP-binding protein Rv1218c => Multidrug efflux system ATP-binding protein
[20:36:10] Modify product: Uncharacterized protein YhaP => putative protein YhaP
[20:36:10] Modify product: Uncharacterized metallophosphoesterase YhaO => putative metallophosphoesterase YhaO
[20:36:10] Modify product: Uncharacterized protein YhaN => putative protein YhaN
[20:36:10] Modify product: Uncharacterized protein YhaI => putative protein YhaI
[20:36:10] Modify product: Probable tryptophan transport protein => putative tryptophan transport protein
[20:36:10] Modify product: Probable amino-acid import ATP-binding protein YxeO => putative amino-acid import ATP-binding protein YxeO
[20:36:10] Modify product: Probable amino-acid permease protein YxeN => putative amino-acid permease protein YxeN
[20:36:10] Modify product: Probable amino-acid-binding protein YxeM => putative amino-acid-binding protein YxeM
[20:36:10] Modify product: Uncharacterized protein YxeI => putative protein YxeI
[20:36:10] Modify product: Uncharacterized protein YxeF => putative protein YxeF
[20:36:10] Modify product: Uncharacterized protein YxeE => putative protein YxeE
[20:36:10] Modify product: Uncharacterized protein YxeA => putative protein YxeA
[20:36:10] Modify product: Probable metabolite transport protein CsbC => putative metabolite transport protein CsbC
[20:36:10] Modify product: Uncharacterized protein YxbC => putative protein YxbC
[20:36:10] Modify product: Uncharacterized protein YxaL => putative protein YxaL
[20:36:10] Modify product: Uncharacterized HTH-type transcriptional regulator YxaF => putative HTH-type transcriptional regulator YxaF
[20:36:10] Modify product: Probable D-xylose utilization operon transcriptional repressor => putative D-xylose utilization operon transcriptional repressor
[20:36:10] Modify product: Uncharacterized HTH-type transcriptional regulator YydK => putative HTH-type transcriptional regulator YydK
[20:36:10] Modify product: Uncharacterized N-acetyltransferase YycN => putative N-acetyltransferase YycN
[20:36:10] Modify product: Probable transcriptional regulatory protein TcrX => putative transcriptional regulatory protein TcrX
[20:36:10] Modify product: Uncharacterized protein YkvR => putative protein YkvR
[20:36:10] Modify product: Uncharacterized protein YkvT => putative protein YkvT
[20:36:10] Modify product: Uncharacterized peptidase SA1530 => putative peptidase
[20:36:10] Modify product: Probable N-acetyl-LL-diaminopimelate aminotransferase => putative N-acetyl-LL-diaminopimelate aminotransferase
[20:36:10] Modify product: Probable 2,4-dienoyl-CoA reductase => putative 2,4-dienoyl-CoA reductase
[20:36:10] Modify product: Uncharacterized EAL-domain containing protein YkuI => putative EAL-domain containing protein YkuI
[20:36:10] Modify product: Uncharacterized protein YkuJ => putative protein YkuJ
[20:36:10] Modify product: Uncharacterized protein YkzF => putative protein YkzF
[20:36:10] Modify product: Uncharacterized MscS family protein YkuT => putative MscS family protein YkuT
[20:36:10] Modify product: Probable molybdenum cofactor guanylyltransferase => putative molybdenum cofactor guanylyltransferase
[20:36:10] Modify product: Putative multidrug export ATP-binding/permease protein SAV1866 => Putative multidrug export ATP-binding/permease protein
[20:36:10] Modify product: Uncharacterized ABC transporter ATP-binding protein TM_0288 => putative ABC transporter ATP-binding protein
[20:36:10] Modify product: Uncharacterized ABC transporter ATP-binding protein YknY => putative ABC transporter ATP-binding protein YknY
[20:36:10] Modify product: Uncharacterized ABC transporter permease YknZ => putative ABC transporter permease YknZ
[20:36:10] Modify product: Uncharacterized ABC transporter ATP-binding protein YbiT => putative ABC transporter ATP-binding protein YbiT
[20:36:10] Modify product: UPF0356 protein M6_Spy1605 => hypothetical protein
[20:36:10] Modify product: UPF0223 protein BH2638 => hypothetical protein
[20:36:10] Modify product: UPF0637 protein YktB => hypothetical protein
[20:36:10] Modify product: Uncharacterized protein YuiC => putative protein YuiC
[20:36:10] Modify product: NADH dehydrogenase-like protein SAOUHSC_00878 => NADH dehydrogenase-like protein
[20:36:10] Modify product: Protein aq_1857 => Protein
[20:36:10] Modify product: Uncharacterized protein YpjQ => putative protein YpjQ
[20:36:10] Modify product: UPF0331 protein YutE => hypothetical protein
[20:36:10] Modify product: Uncharacterized protein YutD => putative protein YutD
[20:36:10] Modify product: Probable xanthine dehydrogenase subunit E => putative xanthine dehydrogenase subunit E
[20:36:10] Modify product: Probable xanthine dehydrogenase subunit D => putative xanthine dehydrogenase subunit D
[20:36:10] Modify product: Probable xanthine dehydrogenase subunit C => putative xanthine dehydrogenase subunit C
[20:36:10] Modify product: Probable xanthine dehydrogenase subunit A => putative xanthine dehydrogenase subunit A
[20:36:10] Modify product: Uncharacterized HTH-type transcriptional regulator YurK => putative HTH-type transcriptional regulator YurK
[20:36:10] Modify product: UPF0051 protein SA0778 => hypothetical protein
[20:36:10] Modify product: UPF0051 protein SA0778 => hypothetical protein
[20:36:10] Modify product: Probable acyl-CoA dehydrogenase => putative acyl-CoA dehydrogenase
[20:36:10] Modify product: Probable 3-hydroxyacyl-CoA dehydrogenase => putative 3-hydroxyacyl-CoA dehydrogenase
[20:36:10] Modify product: Uncharacterized HTH-type transcriptional regulator YusO => putative HTH-type transcriptional regulator YusO
[20:36:10] Modify product: Uncharacterized glycosyltransferase sll0501 => putative glycosyltransferase
[20:36:10] Modify product: Probable murein peptide carboxypeptidase => putative murein peptide carboxypeptidase
[20:36:10] Modify product: Acetyltransferase PA3944 => Acetyltransferase
[20:36:10] Modify product: Probable guanidinium efflux system subunit GdnC => putative guanidinium efflux system subunit GdnC
[20:36:10] Modify product: Probable guanidinium efflux system subunit GdnD => putative guanidinium efflux system subunit GdnD
[20:36:10] Modify product: Uncharacterized protein YkoJ => putative protein YkoJ
[20:36:10] Modify product: Uncharacterized protein YpbG => putative protein YpbG
[20:36:10] Modify product: Uncharacterized glycosyltransferase YkoT => putative glycosyltransferase YkoT
[20:36:10] Modify product: Uncharacterized HTH-type transcriptional regulator YtcD => putative HTH-type transcriptional regulator YtcD
[20:36:10] Modify product: Probable siderophore transport system ATP-binding protein YusV => putative siderophore transport system ATP-binding protein YusV
[20:36:10] Modify product: Uncharacterized protein YvrJ => putative protein YvrJ
[20:36:10] Modify product: Uncharacterized ABC transporter permease YknZ => putative ABC transporter permease YknZ
[20:36:10] Modify product: Uncharacterized ABC transporter ATP-binding protein YknY => putative ABC transporter ATP-binding protein YknY
[20:36:10] Modify product: Probable siderophore transport system ATP-binding protein YusV => putative siderophore transport system ATP-binding protein YusV
[20:36:11] Modify product: Probable protein-export membrane protein SecG => putative protein-export membrane protein SecG
[20:36:11] Modify product: UPF0056 inner membrane protein YhgN => hypothetical protein
[20:36:11] Modify product: Uncharacterized N-acetyltransferase YvbK => putative N-acetyltransferase YvbK
[20:36:11] Modify product: UPF0365 protein SA1402 => hypothetical protein
[20:36:11] Modify product: Uncharacterized protein YqeY => putative protein YqeY
[20:36:11] Modify product: Uncharacterized protein YqeN => putative protein YqeN
[20:36:11] Modify product: RNA-binding protein HI_1333 => RNA-binding protein
[20:36:11] Modify product: Uncharacterized protein YqeH => putative protein YqeH
[20:36:11] Modify product: Uncharacterized protein YqbO => putative protein YqbO
[20:36:11] Modify product: Uncharacterized protein YqbN => putative protein YqbN
[20:36:11] Modify product: Uncharacterized protein YqbG => putative protein YqbG
[20:36:11] Modify product: Uncharacterized protein YqbF => putative protein YqbF
[20:36:11] Modify product: Uncharacterized protein YqbD => putative protein YqbD
[20:36:11] Modify product: Uncharacterized protein YqaI => putative protein YqaI
[20:36:11] Modify product: UPF0714 protein YmaC => hypothetical protein
[20:36:11] Modify product: Uncharacterized protein YmzC => putative protein YmzC
[20:36:11] Modify product: Probable deoxyuridine 5'-triphosphate nucleotidohydrolase YncF => putative deoxyuridine 5'-triphosphate nucleotidohydrolase YncF
[20:36:11] Modify product: Uncharacterized protein YnzH => putative protein YnzH
[20:36:11] Modify product: Uncharacterized protein YncM => putative protein YncM
[20:36:11] Modify product: Uncharacterized protein YndB => putative protein YndB
[20:36:11] Modify product: UPF0714 protein YndL => hypothetical protein
[20:36:11] Modify product: Resolvase homolog YneB => Resolvase YneB
[20:36:11] Modify product: UPF0291 protein YnzC => hypothetical protein
[20:36:11] Modify product: UPF0154 protein SA1178 => hypothetical protein
[20:36:11] Modify product: Uncharacterized protein SA1186 => putative protein
[20:36:11] Modify product: Uncharacterized protein YccU => putative protein YccU
[20:36:11] Modify product: Probable chaperone CsaA => putative chaperone CsaA
[20:36:11] Modify product: Probable N-acetyl-alpha-D-glucosaminyl L-malate deacetylase 2 => putative N-acetyl-alpha-D-glucosaminyl L-malate deacetylase 2
[20:36:11] Modify product: Uncharacterized protein YojF => putative protein YojF
[20:36:11] Modify product: Uncharacterized symporter YodF => putative symporter YodF
[20:36:11] Modify product: UPF0346 protein YozE => hypothetical protein
[20:36:11] Modify product: Probable succinyl-CoA:3-ketoacid coenzyme A transferase subunit B => putative succinyl-CoA:3-ketoacid coenzyme A transferase subunit B
[20:36:11] Modify product: SCO1 protein homolog => SCO1 protein 
[20:36:11] Modify product: UPF0073 inner membrane protein YqfA => hypothetical protein
[20:36:11] Modify product: Uncharacterized protein YpjQ => putative protein YpjQ
[20:36:11] Modify product: UPF0403 protein YphP => hypothetical protein
[20:36:11] Modify product: Uncharacterized protein YedJ => putative protein YedJ
[20:36:11] Modify product: Probable ATP-dependent DNA helicase YoaA => putative ATP-dependent DNA helicase YoaA
[20:36:11] Modify product: UPF0398 protein YpsA => hypothetical protein
[20:36:11] Modify product: Uncharacterized protein YppE => putative protein YppE
[20:36:11] Modify product: Uncharacterized protein YpoC => putative protein YpoC
[20:36:11] Modify product: Uncharacterized protein YpmB => putative protein YpmB
[20:36:11] Modify product: Uncharacterized protein YpjD => putative protein YpjD
[20:36:11] Modify product: UPF0302 protein BA_1542/GBAA_1542/BAS1430 => hypothetical protein
[20:36:11] Modify product: 30S ribosomal protein S1 homolog => 30S ribosomal protein S1 
[20:36:11] Modify product: Uncharacterized protein YpfA => putative protein YpfA
[20:36:11] Modify product: Uncharacterized protein YpbG => putative protein YpbG
[20:36:11] Modify product: Probable 3-hydroxybutyryl-CoA dehydrogenase => putative 3-hydroxybutyryl-CoA dehydrogenase
[20:36:11] Modify product: Uncharacterized oxidoreductase SpyM50865 => putative oxidoreductase
[20:36:11] Modify product: Bifunctional protein FolD => Bifunctional protein FolD protein
[20:36:11] Modify product: Probable glycine dehydrogenase (decarboxylating) subunit 2 => putative glycine dehydrogenase (decarboxylating) subunit 2
[20:36:11] Modify product: Probable glycine dehydrogenase (decarboxylating) subunit 1 => putative glycine dehydrogenase (decarboxylating) subunit 1
[20:36:11] Modify product: Uncharacterized protein YqzG => putative protein YqzG
[20:36:11] Modify product: UPF0053 protein Rv1842c => hypothetical protein
[20:36:11] Modify product: Probable metallo-hydrolase M6_Spy0554 => putative metallo-hydrolase
[20:36:11] Modify product: Uncharacterized protein YqgQ => putative protein YqgQ
[20:36:11] Modify product: Uncharacterized protein YqgN => putative protein YqgN
[20:36:11] Modify product: Nucleotidase CA_C3379 => Nucleotidase
[20:36:11] Modify product: Probable endonuclease 4 => putative endonuclease 4
[20:36:11] Modify product: GTP cyclohydrolase 1 type 2 homolog => GTP cyclohydrolase 1 type 2 
[20:36:11] Modify product: UPF0178 protein YaiI => hypothetical protein
[20:36:12] Modify product: Uncharacterized protein YpuA => putative protein YpuA
[20:36:12] Modify product: Uncharacterized protein YqjZ => putative protein YqjZ
[20:36:12] Modify product: Uncharacterized protein YqjY => putative protein YqjY
[20:36:12] Modify product: Uncharacterized oxidoreductase SA2266 => putative oxidoreductase
[20:36:12] Modify product: UPF0403 protein SA1345 => hypothetical protein
[20:36:12] Modify product: Uncharacterized protein YnfE => putative protein YnfE
[20:36:12] Modify product: Probable propionyl-CoA carboxylase beta chain 5 => putative propionyl-CoA carboxylase beta chain 5
[20:36:12] Modify product: Uncharacterized protein YoeB => putative protein YoeB
[20:36:12] Modify product: Probable cystine transporter YijE => putative cystine transporter YijE
[20:36:12] Modify product: Uncharacterized protease YdeA => putative protease YdeA
[20:36:12] Modify product: Uncharacterized protein YobA => putative protein YobA
[20:36:12] Modify product: Uncharacterized AAA domain-containing protein Rv2559c => putative AAA domain-containing protein
[20:36:12] Modify product: UPF0702 transmembrane protein YetF => hypothetical protein
[20:36:12] Modify product: Probable transcriptional regulatory protein YebC => putative transcriptional regulatory protein YebC
[20:36:12] Modify product: Probable nicotinate-nucleotide pyrophosphorylase [carboxylating] => putative nicotinate-nucleotide pyrophosphorylase [carboxylating]
[20:36:12] Modify product: UPF0758 protein YsxA => hypothetical protein
[20:36:12] Modify product: Probable GTP-binding protein EngB => putative GTP-binding protein EngB
[20:36:12] Modify product: Uncharacterized N-acetyltransferase YsnE => putative N-acetyltransferase YsnE
[20:36:12] Modify product: Putative metallophosphoesterase MG207 homolog => Putative metallophosphoesterase MG207 
[20:36:12] Modify product: Uncharacterized HTH-type transcriptional regulator YusO => putative HTH-type transcriptional regulator YusO
[20:36:12] Modify product: Uncharacterized protein YslB => putative protein YslB
[20:36:12] Modify product: UPF0053 protein Rv1842c => hypothetical protein
[20:36:12] Modify product: Uncharacterized oxidoreductase CzcO => putative oxidoreductase CzcO
[20:36:12] Modify product: Uncharacterized protein YncM => putative protein YncM
[20:36:12] Modify product: Uncharacterized hydrolase SA2367 => putative hydrolase
[20:36:12] Modify product: Probable zinc-binding alcohol dehydrogenase Rv1895 => putative zinc-binding alcohol dehydrogenase
[20:36:12] Modify product: Probable formaldehyde dehydrogenase AdhA => putative formaldehyde dehydrogenase AdhA
[20:36:12] Modify product: Probable formate transporter 2 => putative formate transporter 2
[20:36:12] Modify product: Putative formate dehydrogenase SA2102 => Putative formate dehydrogenase
[20:36:12] Modify product: Uncharacterized methyltransferase YrrT => putative methyltransferase YrrT
[20:36:12] Modify product: 23S rRNA 5-hydroxycytidine C2501 synthase => 23S rRNA 5-hydroxycytidine synthase
[20:36:12] Modify product: UPF0473 protein SP_0194 => hypothetical protein
[20:36:12] Modify product: UPF0297 protein EF_1202 => hypothetical protein
[20:36:12] Modify product: Putative transport protein Rv0205 => Putative transport protein
[20:36:12] Modify product: Probable glutamine ABC transporter permease protein GlnM => putative glutamine ABC transporter permease protein GlnM
[20:36:12] Modify product: Probable glutamine ABC transporter permease protein GlnP => putative glutamine ABC transporter permease protein GlnP
[20:36:12] Modify product: Uncharacterized N-acetyltransferase YtmI => putative N-acetyltransferase YtmI
[20:36:12] Modify product: UPF0173 metal-dependent hydrolase SA1529 => hypothetical protein
[20:36:12] Modify product: Uncharacterized spore protein YtfJ => putative spore protein YtfJ
[20:36:12] Modify product: Probable tRNA sulfurtransferase => putative tRNA sulfurtransferase
[20:36:12] Modify product: Probable HTH-type transcriptional regulator YttP => putative HTH-type transcriptional regulator YttP
[20:36:12] Modify product: UPF0354 protein SA1564 => hypothetical protein
[20:36:12] Modify product: Probable NAD-dependent malic enzyme 2 => putative NAD-dependent malic enzyme 2
[20:36:12] Modify product: Probable quorum-quenching lactonase YtnP => putative quorum-quenching lactonase YtnP
[20:36:12] Modify product: Putative dipeptidase SA1572 => Putative dipeptidase
[20:36:12] Modify product: Uncharacterized HTH-type transcriptional regulator YtzE => putative HTH-type transcriptional regulator YtzE
[20:36:12] Modify product: Uncharacterized multiple-sugar transport system permease YteP => putative multiple-sugar transport system permease YteP
[20:36:12] Modify product: Sulfurtransferase Alvin_2599 => Sulfurtransferase
[20:36:12] Modify product: UPF0316 protein SA1727 => hypothetical protein
[20:36:12] Modify product: Probable transcriptional regulatory protein SA0624 => putative transcriptional regulatory protein
[20:36:12] Modify product: Uncharacterized protein YesE => putative protein YesE
[20:36:12] Modify product: Uncharacterized protein YesV => putative protein YesV
[20:36:12] Modify product: Uncharacterized protein YesU => putative protein YesU
[20:36:12] Modify product: Uncharacterized protein YesV => putative protein YesV
[20:36:13] Modify product: Probable rhamnogalacturonan acetylesterase YesY => putative rhamnogalacturonan acetylesterase YesY
[20:36:13] Modify product: Probable enoyl-CoA hydratase => putative enoyl-CoA hydratase
[20:36:13] Modify product: Uncharacterized FAD-linked oxidoreductase Rv2280 => putative FAD-linked oxidoreductase
[20:36:13] Modify product: Probable arabinose-binding protein => putative arabinose-binding protein
[20:36:13] Modify product: Uncharacterized HTH-type transcriptional regulator YtcD => putative HTH-type transcriptional regulator YtcD
[20:36:13] Modify product: Uncharacterized oxidoreductase YtbE => putative oxidoreductase YtbE
[20:36:13] Modify product: Probable sporulation protein YtaF => putative sporulation protein YtaF
[20:36:13] Modify product: Uncharacterized HTH-type transcriptional regulator YybR => putative HTH-type transcriptional regulator YybR
[20:36:13] Modify product: Uncharacterized inner membrane transporter YicL => putative inner membrane transporter YicL
[20:36:13] Modify product: Probable cystine transporter YijE => putative cystine transporter YijE
[20:36:13] Modify product: Probable SapB synthase => putative SapB synthase
[20:36:13] Modify product: Probable SapB synthase => putative SapB synthase
[20:36:13] Modify product: Probable manganese catalase => putative manganese catalase
[20:36:13] Modify product: Probable diguanylate cyclase DgcC => putative diguanylate cyclase DgcC
[20:36:13] Modify product: UPF0060 membrane protein YnfA => hypothetical protein
[20:36:13] Modify product: Uncharacterized ABC transporter ATP-binding protein Rv1273c => putative ABC transporter ATP-binding protein
[20:36:13] Modify product: Uncharacterized ABC transporter ATP-binding protein TM_0288 => putative ABC transporter ATP-binding protein
[20:36:13] Modify product: Probable siderophore-binding lipoprotein YfiY => putative siderophore-binding lipoprotein YfiY
[20:36:13] Modify product: Probable siderophore transport system permease protein YfiZ => putative siderophore transport system permease protein YfiZ
[20:36:13] Modify product: Probable siderophore transport system permease protein YfhA => putative siderophore transport system permease protein YfhA
[20:36:13] Modify product: Uncharacterized isomerase YddE => putative isomerase YddE
[20:36:13] Modify product: Epimerase family protein SA0724 => Epimerase family protein
[20:36:13] Modify product: Uncharacterized protein YfhH => putative protein YfhH
[20:36:13] Modify product: Uncharacterized protein YfhP => putative protein YfhP
[20:36:13] Modify product: Uncharacterized protein YfhS => putative protein YfhS
[20:36:13] Modify product: UPF0374 protein SP_1903 => hypothetical protein
[20:36:13] Modify product: Putative multidrug export ATP-binding/permease protein SAV1866 => Putative multidrug export ATP-binding/permease protein
[20:36:13] Modify product: Probable mannose-6-phosphate isomerase GmuF => putative mannose-6-phosphate isomerase GmuF
[20:36:13] Modify product: Uncharacterized protein YdhK => putative protein YdhK
[20:36:13] Modify product: Uncharacterized N-acetyltransferase YycN => putative N-acetyltransferase YycN
[20:36:13] Modify product: UPF0702 transmembrane protein YetF => hypothetical protein
[20:36:13] Modify product: Uncharacterized membrane protein YdfK => putative membrane protein YdfK
[20:36:13] Modify product: Uncharacterized carboxylesterase nap => putative carboxylesterase nap
[20:36:13] Modify product: Probable serine/threonine-protein kinase YbdM => putative serine/threonine-protein kinase YbdM
[20:36:13] Modify product: Probable transport protein YifK => putative transport protein YifK
[20:36:13] Modify product: Probable beta-lactamase YbxI => putative beta-lactamase YbxI
[20:36:13] Modify product: Uncharacterized inner membrane transporter YhbE => putative inner membrane transporter YhbE
[20:36:13] Modify product: UPF0176 protein SP_0095 => hypothetical protein
[20:36:13] Modify product: Probable glucosamine-6-phosphate deaminase 2 => putative glucosamine-6-phosphate deaminase 2
[20:36:13] Modify product: Uncharacterized membrane protein YbgB => putative membrane protein YbgB
[20:36:13] Modify product: Probable 5-dehydro-4-deoxyglucarate dehydratase => putative 5-dehydro-4-deoxyglucarate dehydratase
[20:36:13] Modify product: Probable glucarate transporter => putative glucarate transporter
[20:36:13] Modify product: Probable multidrug resistance protein EmrY => putative multidrug resistance protein EmrY
[20:36:13] Modify product: Uncharacterized HTH-type transcriptional regulator YxaF => putative HTH-type transcriptional regulator YxaF
[20:36:13] Modify product: Uncharacterized lipoprotein YcdA => putative lipoprotein YcdA
[20:36:13] Modify product: Uncharacterized multiple-sugar transport system permease YteP => putative multiple-sugar transport system permease YteP
[20:36:13] Modify product: UPF0702 transmembrane protein YetF => hypothetical protein
[20:36:13] Modify product: Uncharacterized protein YetJ => putative protein YetJ
[20:36:13] Modify product: Uncharacterized amino acid permease YhdG => putative amino acid permease YhdG
[20:36:13] Modify product: Uncharacterized ABC transporter ATP-binding protein YbiT => putative ABC transporter ATP-binding protein YbiT
[20:36:13] Modify product: Probable ATP-dependent RNA helicase YfmL => putative ATP-dependent RNA helicase YfmL
[20:36:13] Modify product: Probable siderophore transport system ATP-binding protein YusV => putative siderophore transport system ATP-binding protein YusV
[20:36:13] Modify product: Probable siderophore transport system permease protein YfiZ => putative siderophore transport system permease protein YfiZ
[20:36:13] Modify product: Uncharacterized protein YfmB => putative protein YfmB
[20:36:13] Modify product: Probable metallo-hydrolase YflN => putative metallo-hydrolase YflN
[20:36:13] Modify product: Uncharacterized protein YflH => putative protein YflH
[20:36:13] Modify product: UPF0435 protein YfkK => hypothetical protein
[20:36:13] Modify product: Uncharacterized protein YfkD => putative protein YfkD
[20:36:13] Modify product: Uncharacterized MscS family protein YfkC => putative MscS family protein YfkC
[20:36:13] Modify product: Probable tRNA-dihydrouridine synthase => putative tRNA-dihydrouridine synthase
[20:36:13] Modify product: Ribosome-associated protein L7Ae-like => Ribosome-associated protein L7Ae-like protein
[20:36:13] Modify product: Uncharacterized protein YacP => putative protein YacP
[20:36:13] Modify product: Uncharacterized PIN and TRAM-domain containing protein YacL => putative PIN and TRAM-domain containing protein YacL
[20:36:13] Modify product: Probable serine/threonine-protein kinase YabT => putative serine/threonine-protein kinase YabT
[20:36:13] Modify product: Uncharacterized protein HP_1423 => putative protein
[20:36:14] Modify product: Uncharacterized metal-dependent hydrolase YcfH => putative metal-dependent hydrolase YcfH
[20:36:14] Modify product: UPF0213 protein BH0048 => hypothetical protein
[20:36:14] Modify product: TelA-like protein SA1238 => TelA-like protein
[20:36:14] Modify product: Nucleoid-associated protein Cthe_2143 => Nucleoid-associated protein
[20:36:14] Modify product: Uncharacterized membrane protein YttA => putative membrane protein YttA
[20:36:14] Modify product: Probable ABC transporter permease YtrD => putative ABC transporter permease YtrD
[20:36:14] Modify product: Probable ABC transporter permease YtrC => putative ABC transporter permease YtrC
[20:36:14] Modify product: Uncharacterized protein YtmB => putative protein YtmB
[20:36:14] Modify product: Uncharacterized ABC transporter ATP-binding protein YbiT => putative ABC transporter ATP-binding protein YbiT
[20:36:14] Modify product: Phage shock protein A homolog => Phage shock protein A 
[20:36:14] Modify product: Uncharacterized protein YdjM => putative protein YdjM
[20:36:14] Modify product: Probable D-lyxose ketol-isomerase => putative D-lyxose ketol-isomerase
[20:36:14] Modify product: Putative hydro-lyase Atu3911 => Putative hydro-lyase
[20:36:14] Modify product: Uncharacterized protein YcnL => putative protein YcnL
[20:36:14] Modify product: Uncharacterized protein YcnI => putative protein YcnI
[20:36:14] Modify product: Probable multidrug resistance protein EmrY => putative multidrug resistance protein EmrY
[20:36:14] Modify product: Probable UbiX-like flavin prenyltransferase => putative UbiX-like flavin prenyltransferase
[20:36:14] Modify product: Uncharacterized protein YbbA => putative protein YbbA
[20:36:14] Modify product: PTS system EIIBC component SA0186 => PTS system EIIBC component
[20:36:14] Modify product: Uncharacterized HTH-type transcriptional regulator YbbH => putative HTH-type transcriptional regulator YbbH
[20:36:14] Modify product: Probable oligo-1,6-glucosidase 2 => putative oligo-1,6-glucosidase 2
[20:36:14] Modify product: UPF0053 inner membrane protein YoaE => hypothetical protein
[20:36:14] Modify product: TelA-like protein SA1238 => TelA-like protein
[20:36:14] Modify product: Uncharacterized methyltransferase YcgJ => putative methyltransferase YcgJ
[20:36:14] Modify product: Probable ABC transporter extracellular-binding protein YckB => putative ABC transporter extracellular-binding protein YckB
[20:36:14] Cleaned 429 /product names
[20:36:14] Deleting unwanted file: GCA_052976505.1_ASM5297650v1_genomic/GCA_052976505.1_ASM5297650v1_genomic.sprot.tmp.2199537.faa
[20:36:14] Deleting unwanted file: GCA_052976505.1_ASM5297650v1_genomic/GCA_052976505.1_ASM5297650v1_genomic.sprot.tmp.2199537.blast
[20:36:15] There are still 1323 unannotated CDS left (started with 4073)
[20:36:15] Will use hmmer3 to search against /home/datnguyen/anaconda3/envs/prokka/db/hmm/HAMAP.hmm with 20 CPUs
[20:36:15] Running: cat GCA_052976505\.1_ASM5297650v1_genomic\/GCA_052976505\.1_ASM5297650v1_genomic\.HAMAP\.hmm\.tmp\.2199537\.faa | parallel --gnu --plain -j 20 --block 7102 --recstart '>' --pipe hmmscan --noali --notextw --acc -E 1e-09 --cpu 1 /home/datnguyen/anaconda3/envs/prokka/db/hmm/HAMAP.hmm /dev/stdin > GCA_052976505\.1_ASM5297650v1_genomic\/GCA_052976505\.1_ASM5297650v1_genomic\.HAMAP\.hmm\.tmp\.2199537\.hmmer3 2> /dev/null
[20:36:22] Modify product: Uncharacterized MFS-type transporter YcaD => putative MFS-type transporter YcaD
[20:36:22] Modify product: Protein SprT-like => Protein SprT-like protein
[20:36:22] Cleaned 2 /product names
[20:36:22] Deleting unwanted file: GCA_052976505.1_ASM5297650v1_genomic/GCA_052976505.1_ASM5297650v1_genomic.HAMAP.hmm.tmp.2199537.faa
[20:36:22] Deleting unwanted file: GCA_052976505.1_ASM5297650v1_genomic/GCA_052976505.1_ASM5297650v1_genomic.HAMAP.hmm.tmp.2199537.hmmer3
[20:36:22] Labelling remaining 1214 proteins as 'hypothetical protein'
[20:36:22] Possible /pseudo 'Methyl-accepting chemotaxis protein McpA' at NZ_JBRIIM010000001.1 position 29632
[20:36:22] Possible /pseudo 'Long-chain-alcohol dehydrogenase 2' at NZ_JBRIIM010000001.1 position 44822
[20:36:22] Possible /pseudo 'HTH-type transcriptional repressor RghR' at NZ_JBRIIM010000001.1 position 278490
[20:36:22] Possible /pseudo 'Guanidinium exporter' at NZ_JBRIIM010000001.1 position 360487
[20:36:22] Possible /pseudo 'Putative lipoprotein YvcA' at NZ_JBRIIM010000001.1 position 401746
[20:36:22] Possible /pseudo 'Flagellar basal-body rod protein FlgG' at NZ_JBRIIM010000001.1 position 575813
[20:36:22] Possible /pseudo 'putative protein YwhK' at NZ_JBRIIM010000001.1 position 674015
[20:36:22] Possible /pseudo '5-methyltetrahydropteroyltriglutamate--homocysteine methyltransferase' at NZ_JBRIIM010000001.1 position 833063
[20:36:22] Possible /pseudo 'Putative fluoride ion transporter CrcB' at NZ_JBRIIM010000002.1 position 85182
[20:36:22] Possible /pseudo 'putative protein' at NZ_JBRIIM010000002.1 position 740447
[20:36:22] Possible /pseudo 'Phosphate import ATP-binding protein PstB 3' at NZ_JBRIIM010000003.1 position 449494
[20:36:22] Possible /pseudo '1-deoxyxylulose-5-phosphate synthase YajO' at NZ_JBRIIM010000003.1 position 613861
[20:36:22] Possible /pseudo 'putative ABC transporter ATP-binding protein' at NZ_JBRIIM010000004.1 position 244216
[20:36:22] Possible /pseudo 'Putative ring-cleaving dioxygenase MhqO' at NZ_JBRIIM010000005.1 position 38507
[20:36:22] Possible /pseudo 'General stress protein 16U' at NZ_JBRIIM010000006.1 position 127503
[20:36:22] Found 2370 unique /gene codes.
[20:36:22] Fixed 3 duplicate /gene - ybiT_1 ybiT_2 ybiT_3
[20:36:22] Fixed 2 duplicate /gene - rhaR_1 rhaR_2
[20:36:22] Fixed 2 duplicate /gene - mhqR_1 mhqR_2
[20:36:22] Fixed 2 duplicate /gene - murJ_1 murJ_2
[20:36:22] Fixed 2 duplicate /gene - dksA_1 dksA_2
[20:36:22] Fixed 2 duplicate /gene - lnrL_1 lnrL_2
[20:36:22] Fixed 2 duplicate /gene - msmX_1 msmX_2
[20:36:22] Fixed 2 duplicate /gene - rsfA_1 rsfA_2
[20:36:22] Fixed 2 duplicate /gene - mntH_1 mntH_2
[20:36:22] Fixed 2 duplicate /gene - mepA_1 mepA_2
[20:36:22] Fixed 2 duplicate /gene - mgsR_1 mgsR_2
[20:36:22] Fixed 4 duplicate /gene - sasA_1 sasA_2 sasA_3 sasA_4
[20:36:22] Fixed 2 duplicate /gene - epsF_1 epsF_2
[20:36:22] Fixed 2 duplicate /gene - pucK_1 pucK_2
[20:36:22] Fixed 2 duplicate /gene - yodC_1 yodC_2
[20:36:22] Fixed 3 duplicate /gene - xre_1 xre_2 xre_3
[20:36:22] Fixed 2 duplicate /gene - ywqC_1 ywqC_2
[20:36:22] Fixed 2 duplicate /gene - ptsH_1 ptsH_2
[20:36:22] Fixed 3 duplicate /gene - ysdC_1 ysdC_2 ysdC_3
[20:36:22] Fixed 2 duplicate /gene - pepT_1 pepT_2
[20:36:22] Fixed 2 duplicate /gene - lysC_1 lysC_2
[20:36:22] Fixed 2 duplicate /gene - ribZ_1 ribZ_2
[20:36:22] Fixed 2 duplicate /gene - yqbO_1 yqbO_2
[20:36:22] Fixed 2 duplicate /gene - lcfB_1 lcfB_2
[20:36:22] Fixed 2 duplicate /gene - metQ_1 metQ_2
[20:36:22] Fixed 2 duplicate /gene - brnQ_1 brnQ_2
[20:36:22] Fixed 2 duplicate /gene - cimH_1 cimH_2
[20:36:22] Fixed 2 duplicate /gene - xylP_1 xylP_2
[20:36:22] Fixed 5 duplicate /gene - rcsC_1 rcsC_2 rcsC_3 rcsC_4 rcsC_5
[20:36:22] Fixed 3 duplicate /gene - ywrO_1 ywrO_2 ywrO_3
[20:36:22] Fixed 2 duplicate /gene - citN_1 citN_2
[20:36:22] Fixed 2 duplicate /gene - ytrA_1 ytrA_2
[20:36:22] Fixed 5 duplicate /gene - pbuE_1 pbuE_2 pbuE_3 pbuE_4 pbuE_5
[20:36:22] Fixed 2 duplicate /gene - srrA_1 srrA_2
[20:36:22] Fixed 2 duplicate /gene - cotH_1 cotH_2
[20:36:22] Fixed 2 duplicate /gene - ssuC_1 ssuC_2
[20:36:22] Fixed 3 duplicate /gene - rocC_1 rocC_2 rocC_3
[20:36:22] Fixed 2 duplicate /gene - queE_1 queE_2
[20:36:22] Fixed 2 duplicate /gene - mcpA_1 mcpA_2
[20:36:22] Fixed 2 duplicate /gene - feuC_1 feuC_2
[20:36:22] Fixed 3 duplicate /gene - pdhD_1 pdhD_2 pdhD_3
[20:36:22] Fixed 2 duplicate /gene - ahpC_1 ahpC_2
[20:36:22] Fixed 2 duplicate /gene - pnp_1 pnp_2
[20:36:22] Fixed 2 duplicate /gene - des_1 des_2
[20:36:22] Fixed 2 duplicate /gene - gntT_1 gntT_2
[20:36:22] Fixed 2 duplicate /gene - sat_1 sat_2
[20:36:22] Fixed 2 duplicate /gene - cycA_1 cycA_2
[20:36:22] Fixed 2 duplicate /gene - yybR_1 yybR_2
[20:36:22] Fixed 2 duplicate /gene - pta_1 pta_2
[20:36:22] Fixed 2 duplicate /gene - rlmCD_1 rlmCD_2
[20:36:22] Fixed 2 duplicate /gene - cysC_1 cysC_2
[20:36:22] Fixed 2 duplicate /gene - fabZ_1 fabZ_2
[20:36:22] Fixed 2 duplicate /gene - desR_1 desR_2
[20:36:22] Fixed 2 duplicate /gene - bdhA_1 bdhA_2
[20:36:22] Fixed 2 duplicate /gene - der_1 der_2
[20:36:22] Fixed 4 duplicate /gene - COQ5_1 COQ5_2 COQ5_3 COQ5_4
[20:36:22] Fixed 2 duplicate /gene - uvrB_1 uvrB_2
[20:36:22] Fixed 3 duplicate /gene - dbpA_1 dbpA_2 dbpA_3
[20:36:22] Fixed 2 duplicate /gene - crcB_1 crcB_2
[20:36:22] Fixed 2 duplicate /gene - ftsW_1 ftsW_2
[20:36:22] Fixed 2 duplicate /gene - yqaI_1 yqaI_2
[20:36:22] Fixed 2 duplicate /gene - yesS_1 yesS_2
[20:36:22] Fixed 2 duplicate /gene - gdx_1 gdx_2
[20:36:22] Fixed 3 duplicate /gene - purR_1 purR_2 purR_3
[20:36:22] Fixed 3 duplicate /gene - bmr3_1 bmr3_2 bmr3_3
[20:36:22] Fixed 2 duplicate /gene - ydhD_1 ydhD_2
[20:36:22] Fixed 2 duplicate /gene - mcpB_1 mcpB_2
[20:36:22] Fixed 2 duplicate /gene - csbC_1 csbC_2
[20:36:22] Fixed 4 duplicate /gene - gabR_1 gabR_2 gabR_3 gabR_4
[20:36:22] Fixed 2 duplicate /gene - lipC_1 lipC_2
[20:36:22] Fixed 2 duplicate /gene - yjcF_1 yjcF_2
[20:36:22] Fixed 2 duplicate /gene - dcuS_1 dcuS_2
[20:36:22] Fixed 2 duplicate /gene - priA_1 priA_2
[20:36:22] Fixed 3 duplicate /gene - ydjZ_1 ydjZ_2 ydjZ_3
[20:36:22] Fixed 2 duplicate /gene - arsB_1 arsB_2
[20:36:22] Fixed 3 duplicate /gene - opcR_1 opcR_2 opcR_3
[20:36:22] Fixed 2 duplicate /gene - htrA_1 htrA_2
[20:36:22] Fixed 2 duplicate /gene - khtT_1 khtT_2
[20:36:22] Fixed 2 duplicate /gene - ypbG_1 ypbG_2
[20:36:22] Fixed 3 duplicate /gene - pdhC_1 pdhC_2 pdhC_3
[20:36:22] Fixed 2 duplicate /gene - yflH_1 yflH_2
[20:36:22] Fixed 2 duplicate /gene - rluD_1 rluD_2
[20:36:22] Fixed 2 duplicate /gene - phoP_1 phoP_2
[20:36:22] Fixed 2 duplicate /gene - csoR_1 csoR_2
[20:36:22] Fixed 2 duplicate /gene - iolG_1 iolG_2
[20:36:22] Fixed 2 duplicate /gene - yesV_1 yesV_2
[20:36:22] Fixed 2 duplicate /gene - ypjQ_1 ypjQ_2
[20:36:22] Fixed 2 duplicate /gene - ldh_1 ldh_2
[20:36:22] Fixed 2 duplicate /gene - yfiZ_1 yfiZ_2
[20:36:22] Fixed 2 duplicate /gene - lutA_1 lutA_2
[20:36:22] Fixed 2 duplicate /gene - lnrK_1 lnrK_2
[20:36:22] Fixed 2 duplicate /gene - gerPF_1 gerPF_2
[20:36:22] Fixed 2 duplicate /gene - ydhP_1 ydhP_2
[20:36:22] Fixed 2 duplicate /gene - yknZ_1 yknZ_2
[20:36:22] Fixed 2 duplicate /gene - opuBA_1 opuBA_2
[20:36:22] Fixed 3 duplicate /gene - smc_1 smc_2 smc_3
[20:36:22] Fixed 2 duplicate /gene - malL_1 malL_2
[20:36:22] Fixed 2 duplicate /gene - licC_1 licC_2
[20:36:22] Fixed 2 duplicate /gene - csh_1 csh_2
[20:36:22] Fixed 2 duplicate /gene - oleD_1 oleD_2
[20:36:22] Fixed 2 duplicate /gene - norG_1 norG_2
[20:36:22] Fixed 2 duplicate /gene - ywhK_1 ywhK_2
[20:36:22] Fixed 2 duplicate /gene - bmrA_1 bmrA_2
[20:36:22] Fixed 2 duplicate /gene - bm3R1_1 bm3R1_2
[20:36:22] Fixed 2 duplicate /gene - yxaF_1 yxaF_2
[20:36:22] Fixed 2 duplicate /gene - ydbD_1 ydbD_2
[20:36:22] Fixed 3 duplicate /gene - iolS_1 iolS_2 iolS_3
[20:36:22] Fixed 3 duplicate /gene - oppD_1 oppD_2 oppD_3
[20:36:22] Fixed 4 duplicate /gene - walR_1 walR_2 walR_3 walR_4
[20:36:22] Fixed 2 duplicate /gene - thiO_1 thiO_2
[20:36:22] Fixed 2 duplicate /gene - rsmH_1 rsmH_2
[20:36:22] Fixed 3 duplicate /gene - cwlA_1 cwlA_2 cwlA_3
[20:36:22] Fixed 2 duplicate /gene - dnaA_1 dnaA_2
[20:36:22] Fixed 2 duplicate /gene - hxlR_1 hxlR_2
[20:36:22] Fixed 2 duplicate /gene - yvdP_1 yvdP_2
[20:36:22] Fixed 2 duplicate /gene - ecsA_1 ecsA_2
[20:36:22] Fixed 3 duplicate /gene - liaR_1 liaR_2 liaR_3
[20:36:22] Fixed 2 duplicate /gene - murG_1 murG_2
[20:36:22] Fixed 2 duplicate /gene - bacC_1 bacC_2
[20:36:22] Fixed 2 duplicate /gene - araP_1 araP_2
[20:36:22] Fixed 3 duplicate /gene - scmP_1 scmP_2 scmP_3
[20:36:22] Fixed 2 duplicate /gene - ccsA_1 ccsA_2
[20:36:22] Fixed 4 duplicate /gene - proC_1 proC_2 proC_3 proC_4
[20:36:22] Fixed 2 duplicate /gene - rghR_1 rghR_2
[20:36:22] Fixed 2 duplicate /gene - graS_1 graS_2
[20:36:22] Fixed 3 duplicate /gene - ymfD_1 ymfD_2 ymfD_3
[20:36:22] Fixed 2 duplicate /gene - malG_1 malG_2
[20:36:22] Fixed 2 duplicate /gene - gutB_1 gutB_2
[20:36:22] Fixed 2 duplicate /gene - hag_1 hag_2
[20:36:22] Fixed 2 duplicate /gene - ytcD_1 ytcD_2
[20:36:22] Fixed 2 duplicate /gene - maeA_1 maeA_2
[20:36:22] Fixed 2 duplicate /gene - petC_1 petC_2
[20:36:22] Fixed 4 duplicate /gene - glpQ_1 glpQ_2 glpQ_3 glpQ_4
[20:36:22] Fixed 2 duplicate /gene - yvcA_1 yvcA_2
[20:36:22] Fixed 2 duplicate /gene - yesO_1 yesO_2
[20:36:22] Fixed 2 duplicate /gene - yqbG_1 yqbG_2
[20:36:22] Fixed 4 duplicate /gene - gloB_1 gloB_2 gloB_3 gloB_4
[20:36:22] Fixed 2 duplicate /gene - pchR_1 pchR_2
[20:36:22] Fixed 2 duplicate /gene - yknY_1 yknY_2
[20:36:22] Fixed 2 duplicate /gene - ugtP_1 ugtP_2
[20:36:22] Fixed 3 duplicate /gene - yusV_1 yusV_2 yusV_3
[20:36:22] Fixed 2 duplicate /gene - scoB_1 scoB_2
[20:36:22] Fixed 2 duplicate /gene - ccpB_1 ccpB_2
[20:36:22] Fixed 2 duplicate /gene - yndE_1 yndE_2
[20:36:22] Fixed 2 duplicate /gene - ltaS2_1 ltaS2_2
[20:36:22] Fixed 2 duplicate /gene - pstB3_1 pstB3_2
[20:36:22] Fixed 2 duplicate /gene - proB_1 proB_2
[20:36:22] Fixed 2 duplicate /gene - mneS_1 mneS_2
[20:36:22] Fixed 2 duplicate /gene - yxdM_1 yxdM_2
[20:36:22] Fixed 2 duplicate /gene - panS_1 panS_2
[20:36:22] Fixed 2 duplicate /gene - yxdL_1 yxdL_2
[20:36:22] Fixed 2 duplicate /gene - cysH_1 cysH_2
[20:36:22] Fixed 5 duplicate /gene - xerC_1 xerC_2 xerC_3 xerC_4 xerC_5
[20:36:22] Fixed 2 duplicate /gene - mhqO_1 mhqO_2
[20:36:22] Fixed 3 duplicate /gene - htpX_1 htpX_2 htpX_3
[20:36:22] Fixed 2 duplicate /gene - cmpR_1 cmpR_2
[20:36:22] Fixed 2 duplicate /gene - yajO_1 yajO_2
[20:36:22] Fixed 2 duplicate /gene - srlR_1 srlR_2
[20:36:22] Fixed 2 duplicate /gene - emrY_1 emrY_2
[20:36:22] Fixed 2 duplicate /gene - flhB_1 flhB_2
[20:36:22] Fixed 2 duplicate /gene - motB_1 motB_2
[20:36:22] Fixed 2 duplicate /gene - cotSA_1 cotSA_2
[20:36:22] Fixed 3 duplicate /gene - alsT_1 alsT_2 alsT_3
[20:36:22] Fixed 2 duplicate /gene - lipO_1 lipO_2
[20:36:22] Fixed 2 duplicate /gene - dinB_1 dinB_2
[20:36:22] Fixed 3 duplicate /gene - ydaD_1 ydaD_2 ydaD_3
[20:36:22] Fixed 3 duplicate /gene - mdrP_1 mdrP_2 mdrP_3
[20:36:22] Fixed 2 duplicate /gene - carB_1 carB_2
[20:36:22] Fixed 3 duplicate /gene - metE_1 metE_2 metE_3
[20:36:22] Fixed 2 duplicate /gene - yhdG_1 yhdG_2
[20:36:22] Fixed 4 duplicate /gene - gltR_1 gltR_2 gltR_3 gltR_4
[20:36:22] Fixed 2 duplicate /gene - lacR_1 lacR_2
[20:36:22] Fixed 3 duplicate /gene - gerBC_1 gerBC_2 gerBC_3
[20:36:22] Fixed 2 duplicate /gene - yknX_1 yknX_2
[20:36:22] Fixed 6 duplicate /gene - fabG_1 fabG_2 fabG_3 fabG_4 fabG_5 fabG_6
[20:36:22] Fixed 2 duplicate /gene - speA_1 speA_2
[20:36:22] Fixed 2 duplicate /gene - cysL_1 cysL_2
[20:36:22] Fixed 2 duplicate /gene - dapX_1 dapX_2
[20:36:22] Fixed 2 duplicate /gene - yodF_1 yodF_2
[20:36:22] Fixed 2 duplicate /gene - lutR_1 lutR_2
[20:36:22] Fixed 2 duplicate /gene - yqbD_1 yqbD_2
[20:36:22] Fixed 2 duplicate /gene - iscS_1 iscS_2
[20:36:22] Fixed 2 duplicate /gene - desK_1 desK_2
[20:36:22] Fixed 3 duplicate /gene - gtaB_1 gtaB_2 gtaB_3
[20:36:22] Fixed 2 duplicate /gene - tarQ_1 tarQ_2
[20:36:22] Fixed 2 duplicate /gene - btuD_1 btuD_2
[20:36:22] Fixed 2 duplicate /gene - resA_1 resA_2
[20:36:22] Fixed 2 duplicate /gene - yijE_1 yijE_2
[20:36:22] Fixed 2 duplicate /gene - yveA_1 yveA_2
[20:36:22] Fixed 2 duplicate /gene - lrp_1 lrp_2
[20:36:22] Fixed 3 duplicate /gene - oppF_1 oppF_2 oppF_3
[20:36:22] Fixed 2 duplicate /gene - ktrA_1 ktrA_2
[20:36:22] Fixed 2 duplicate /gene - ylmB_1 ylmB_2
[20:36:22] Fixed 6 duplicate /gene - rapA_1 rapA_2 rapA_3 rapA_4 rapA_5 rapA_6
[20:36:22] Fixed 5 duplicate /gene - araQ_1 araQ_2 araQ_3 araQ_4 araQ_5
[20:36:22] Fixed 2 duplicate /gene - IMPDH_1 IMPDH_2
[20:36:22] Fixed 3 duplicate /gene - rapF_1 rapF_2 rapF_3
[20:36:22] Fixed 3 duplicate /gene - yusO_1 yusO_2 yusO_3
[20:36:22] Fixed 2 duplicate /gene - yceD_1 yceD_2
[20:36:22] Fixed 2 duplicate /gene - dppC_1 dppC_2
[20:36:22] Fixed 2 duplicate /gene - sigK_1 sigK_2
[20:36:22] Fixed 2 duplicate /gene - tusA_1 tusA_2
[20:36:22] Fixed 2 duplicate /gene - dsrE2_1 dsrE2_2
[20:36:22] Fixed 2 duplicate /gene - acsA_1 acsA_2
[20:36:22] Fixed 2 duplicate /gene - norR_1 norR_2
[20:36:22] Fixed 2 duplicate /gene - tetA_1 tetA_2
[20:36:22] Fixed 3 duplicate /gene - graR_1 graR_2 graR_3
[20:36:22] Fixed 2 duplicate /gene - sacX_1 sacX_2
[20:36:22] Fixed 2 duplicate /gene - ppaX_1 ppaX_2
[20:36:22] Fixed 2 duplicate /gene - cdaR_1 cdaR_2
[20:36:22] Fixed 2 duplicate /gene - bacF_1 bacF_2
[20:36:22] Fixed 2 duplicate /gene - uvrC_1 uvrC_2
[20:36:22] Fixed 2 duplicate /gene - lytC_1 lytC_2
[20:36:22] Fixed 2 duplicate /gene - xkdM_1 xkdM_2
[20:36:22] Fixed 2 duplicate /gene - hcaB_1 hcaB_2
[20:36:22] Fixed 2 duplicate /gene - nagR_1 nagR_2
[20:36:22] Fixed 4 duplicate /gene - gltC_1 gltC_2 gltC_3 gltC_4
[20:36:22] Fixed 2 duplicate /gene - tatAy_1 tatAy_2
[20:36:22] Fixed 2 duplicate /gene - carA_1 carA_2
[20:36:22] Fixed 3 duplicate /gene - bcrA_1 bcrA_2 bcrA_3
[20:36:22] Fixed 2 duplicate /gene - yqbN_1 yqbN_2
[20:36:22] Fixed 2 duplicate /gene - ramC_1 ramC_2
[20:36:22] Fixed 2 duplicate /gene - katA_1 katA_2
[20:36:22] Fixed 2 duplicate /gene - tadA_1 tadA_2
[20:36:22] Fixed 2 duplicate /gene - malP_1 malP_2
[20:36:22] Fixed 3 duplicate /gene - flgG_1 flgG_2 flgG_3
[20:36:22] Fixed 2 duplicate /gene - pomA_1 pomA_2
[20:36:22] Fixed 3 duplicate /gene - gerBA_1 gerBA_2 gerBA_3
[20:36:22] Fixed 2 duplicate /gene - dapH_1 dapH_2
[20:36:22] Fixed 2 duplicate /gene - glnQ_1 glnQ_2
[20:36:22] Fixed 2 duplicate /gene - rhaS_1 rhaS_2
[20:36:22] Fixed 2 duplicate /gene - yteP_1 yteP_2
[20:36:22] Fixed 2 duplicate /gene - cheY_1 cheY_2
[20:36:22] Fixed 2 duplicate /gene - cheB_1 cheB_2
[20:36:22] Fixed 2 duplicate /gene - feuB_1 feuB_2
[20:36:22] Fixed 2 duplicate /gene - nucB_1 nucB_2
[20:36:22] Fixed 2 duplicate /gene - fosB_1 fosB_2
[20:36:22] Fixed 2 duplicate /gene - corA_1 corA_2
[20:36:22] Fixed 2 duplicate /gene - ccpA_1 ccpA_2
[20:36:22] Fixed 2 duplicate /gene - sacY_1 sacY_2
[20:36:22] Fixed 2 duplicate /gene - xkdG_1 xkdG_2
[20:36:22] Fixed 2 duplicate /gene - sigM_1 sigM_2
[20:36:22] Fixed 2 duplicate /gene - pksS_1 pksS_2
[20:36:22] Fixed 2 duplicate /gene - yqcG_1 yqcG_2
[20:36:22] Fixed 3 duplicate /gene - iolT_1 iolT_2 iolT_3
[20:36:22] Fixed 2 duplicate /gene - hrp1_1 hrp1_2
[20:36:22] Fixed 2 duplicate /gene - xkdH_1 xkdH_2
[20:36:22] Fixed 2 duplicate /gene - xkdW_1 xkdW_2
[20:36:22] Fixed 2 duplicate /gene - lrpC_1 lrpC_2
[20:36:22] Fixed 2 duplicate /gene - rnmV_1 rnmV_2
[20:36:22] Fixed 2 duplicate /gene - rocB_1 rocB_2
[20:36:22] Fixed 2 duplicate /gene - pepF1_1 pepF1_2
[20:36:22] Fixed 2 duplicate /gene - putR_1 putR_2
[20:36:22] Fixed 2 duplicate /gene - yycN_1 yycN_2
[20:36:22] Fixed 2 duplicate /gene - xylB_1 xylB_2
[20:36:22] Fixed 2 duplicate /gene - ltaS1_1 ltaS1_2
[20:36:22] Fixed 2 duplicate /gene - bglH_1 bglH_2
[20:36:22] Fixed 2 duplicate /gene - ktrB_1 ktrB_2
[20:36:22] Fixed 2 duplicate /gene - bioY_1 bioY_2
[20:36:22] Fixed 2 duplicate /gene - adh2_1 adh2_2
[20:36:22] Fixed 2 duplicate /gene - cysK_1 cysK_2
[20:36:22] Fixed 2 duplicate /gene - yncM_1 yncM_2
[20:36:22] Fixed 2 duplicate /gene - ydjM_1 ydjM_2
[20:36:22] Fixed 2 duplicate /gene - mltG_1 mltG_2
[20:36:22] Fixed 2 duplicate /gene - pbpH_1 pbpH_2
[20:36:22] Fixed 2 duplicate /gene - yodB_1 yodB_2
[20:36:22] Fixed 266 colliding /gene names.
[20:36:22] Adding /locus_tag identifiers
[20:36:22] Assigned 4137 locus_tags to CDS and RNA features.
[20:36:22] Writing outputs to GCA_052976505.1_ASM5297650v1_genomic/
[20:36:27] Generating annotation statistics file
[20:36:27] Generating Genbank and Sequin files
[20:36:27] Running: tbl2asn -V b -a r10k -l paired-ends -M n -N 1 -y 'Annotated using prokka 1.14.6 from https://github.com/tseemann/prokka' -Z GCA_052976505\.1_ASM5297650v1_genomic\/GCA_052976505\.1_ASM5297650v1_genomic\.err -i GCA_052976505\.1_ASM5297650v1_genomic\/GCA_052976505\.1_ASM5297650v1_genomic\.fsa 2> /dev/null
[20:36:38] Deleting unwanted file: GCA_052976505.1_ASM5297650v1_genomic/errorsummary.val
[20:36:38] Deleting unwanted file: GCA_052976505.1_ASM5297650v1_genomic/GCA_052976505.1_ASM5297650v1_genomic.dr
[20:36:38] Deleting unwanted file: GCA_052976505.1_ASM5297650v1_genomic/GCA_052976505.1_ASM5297650v1_genomic.fixedproducts
[20:36:38] Deleting unwanted file: GCA_052976505.1_ASM5297650v1_genomic/GCA_052976505.1_ASM5297650v1_genomic.ecn
[20:36:38] Deleting unwanted file: GCA_052976505.1_ASM5297650v1_genomic/GCA_052976505.1_ASM5297650v1_genomic.val
[20:36:38] Repairing broken .GBK output that tbl2asn produces...
[20:36:38] Running: sed 's/COORDINATES: profile/COORDINATES:profile/' < GCA_052976505\.1_ASM5297650v1_genomic\/GCA_052976505\.1_ASM5297650v1_genomic\.gbf > GCA_052976505\.1_ASM5297650v1_genomic\/GCA_052976505\.1_ASM5297650v1_genomic\.gbk
[20:36:38] Deleting unwanted file: GCA_052976505.1_ASM5297650v1_genomic/GCA_052976505.1_ASM5297650v1_genomic.gbf
[20:36:38] Output files:
[20:36:38] GCA_052976505.1_ASM5297650v1_genomic/GCA_052976505.1_ASM5297650v1_genomic.gff
[20:36:38] GCA_052976505.1_ASM5297650v1_genomic/GCA_052976505.1_ASM5297650v1_genomic.err
[20:36:38] GCA_052976505.1_ASM5297650v1_genomic/GCA_052976505.1_ASM5297650v1_genomic.gbk
[20:36:38] GCA_052976505.1_ASM5297650v1_genomic/GCA_052976505.1_ASM5297650v1_genomic.fsa
[20:36:38] GCA_052976505.1_ASM5297650v1_genomic/GCA_052976505.1_ASM5297650v1_genomic.ffn
[20:36:38] GCA_052976505.1_ASM5297650v1_genomic/GCA_052976505.1_ASM5297650v1_genomic.log
[20:36:38] GCA_052976505.1_ASM5297650v1_genomic/GCA_052976505.1_ASM5297650v1_genomic.faa
[20:36:38] GCA_052976505.1_ASM5297650v1_genomic/GCA_052976505.1_ASM5297650v1_genomic.tbl
[20:36:38] GCA_052976505.1_ASM5297650v1_genomic/GCA_052976505.1_ASM5297650v1_genomic.sqn
[20:36:38] GCA_052976505.1_ASM5297650v1_genomic/GCA_052976505.1_ASM5297650v1_genomic.tsv
[20:36:38] GCA_052976505.1_ASM5297650v1_genomic/GCA_052976505.1_ASM5297650v1_genomic.fna
[20:36:38] GCA_052976505.1_ASM5297650v1_genomic/GCA_052976505.1_ASM5297650v1_genomic.txt
[20:36:38] Annotation finished successfully.
[20:36:38] Walltime used: 1.58 minutes
[20:36:38] If you use this result please cite the Prokka paper:
[20:36:38] Seemann T (2014) Prokka: rapid prokaryotic genome annotation. Bioinformatics. 30(14):2068-9.
[20:36:38] Type 'prokka --citation' for more details.
[20:36:38] Share and enjoy!
