[20:31:15] This is prokka 1.14.6
[20:31:15] Written by Torsten Seemann <torsten.seemann@gmail.com>
[20:31:15] Homepage is https://github.com/tseemann/prokka
[20:31:15] Local time is Fri Jan 30 20:31:15 2026
[20:31:15] You are datnguyen
[20:31:15] Operating system is linux
[20:31:15] You have BioPerl 1.7.8
[20:31:15] System has 80 cores.
[20:31:15] Will use maximum of 20 cores.
[20:31:15] Annotating as >>> Bacteria <<<
[20:31:15] Generating locus_tag from 'GCA_050908195.1_ASM5090819v1_genomic.fna' contents.
[20:31:15] Setting --locustag LCJDOLDM from MD5 5c3d85d6587cd60e8df8ccc00ae33798
[20:31:15] Creating new output folder: GCA_050908195.1_ASM5090819v1_genomic
[20:31:15] Running: mkdir -p GCA_050908195\.1_ASM5090819v1_genomic
[20:31:15] Using filename prefix: GCA_050908195.1_ASM5090819v1_genomic.XXX
[20:31:15] Setting HMMER_NCPU=1
[20:31:15] Writing log to: GCA_050908195.1_ASM5090819v1_genomic/GCA_050908195.1_ASM5090819v1_genomic.log
[20:31:15] Command: /home/datnguyen/anaconda3/envs/prokka/bin/prokka --outdir ./ --prefix GCA_050908195.1_ASM5090819v1_genomic --cpus 20 GCA_050908195.1_ASM5090819v1_genomic.fna --outdir GCA_050908195.1_ASM5090819v1_genomic
[20:31:15] Appending to PATH: /home/datnguyen/anaconda3/envs/prokka/bin
[20:31:15] Looking for 'aragorn' - found /home/datnguyen/anaconda3/envs/prokka/bin/aragorn
[20:31:15] Determined aragorn version is 001002 from 'ARAGORN v1.2.41 Dean Laslett'
[20:31:15] Looking for 'barrnap' - found /home/datnguyen/anaconda3/envs/prokka/bin/barrnap
[20:31:15] Determined barrnap version is 000009 from 'barrnap 0.9'
[20:31:15] Looking for 'blastp' - found /home/datnguyen/anaconda3/envs/prokka/bin/blastp
[20:31:15] Determined blastp version is 002015 from 'blastp: 2.15.0+'
[20:31:15] Looking for 'cmpress' - found /home/datnguyen/anaconda3/envs/prokka/bin/cmpress
[20:31:15] Determined cmpress version is 001001 from '# INFERNAL 1.1.5 (Sep 2023)'
[20:31:15] Looking for 'cmscan' - found /home/datnguyen/anaconda3/envs/prokka/bin/cmscan
[20:31:15] Determined cmscan version is 001001 from '# INFERNAL 1.1.5 (Sep 2023)'
[20:31:15] Looking for 'egrep' - found /usr/bin/egrep
[20:31:15] Looking for 'find' - found /usr/bin/find
[20:31:15] Looking for 'grep' - found /usr/bin/grep
[20:31:15] Looking for 'hmmpress' - found /home/datnguyen/anaconda3/envs/prokka/bin/hmmpress
[20:31:15] Determined hmmpress version is 003004 from '# HMMER 3.4 (Aug 2023); http://hmmer.org/'
[20:31:15] Looking for 'hmmscan' - found /home/datnguyen/anaconda3/envs/prokka/bin/hmmscan
[20:31:15] Determined hmmscan version is 003004 from '# HMMER 3.4 (Aug 2023); http://hmmer.org/'
[20:31:15] Looking for 'java' - found /home/datnguyen/anaconda3/envs/prokka/bin/java
[20:31:15] Looking for 'makeblastdb' - found /home/datnguyen/anaconda3/envs/prokka/bin/makeblastdb
[20:31:15] Determined makeblastdb version is 002015 from 'makeblastdb: 2.15.0+'
[20:31:15] Looking for 'minced' - found /home/datnguyen/anaconda3/envs/prokka/bin/minced
[20:31:16] Determined minced version is 004002 from 'minced 0.4.2'
[20:31:16] Looking for 'parallel' - found /home/datnguyen/anaconda3/envs/prokka/bin/parallel
[20:31:16] Determined parallel version is 20240322 from 'GNU parallel 20240322'
[20:31:16] Looking for 'prodigal' - found /home/datnguyen/anaconda3/envs/prokka/bin/prodigal
[20:31:16] Determined prodigal version is 002006 from 'Prodigal V2.6.3: February, 2016'
[20:31:16] Looking for 'prokka-genbank_to_fasta_db' - found /home/datnguyen/anaconda3/envs/prokka/bin/prokka-genbank_to_fasta_db
[20:31:16] Looking for 'sed' - found /usr/bin/sed
[20:31:16] Looking for 'tbl2asn' - found /home/datnguyen/anaconda3/envs/prokka/bin/tbl2asn
[20:31:16] Determined tbl2asn version is 025008 from 'tbl2asn 25.8   arguments:'
[20:31:16] Using genetic code table 11.
[20:31:16] Loading and checking input file: GCA_050908195.1_ASM5090819v1_genomic.fna
[20:31:16] Wrote 1 contigs totalling 4143087 bp.
[20:31:16] Predicting tRNAs and tmRNAs
[20:31:16] Running: aragorn -l -gc11  -w GCA_050908195\.1_ASM5090819v1_genomic\/GCA_050908195\.1_ASM5090819v1_genomic\.fna
[20:31:17] 1 tRNA-Pro c[70,146] 35 (tgg)
[20:31:17] 2 tRNA-Arg c[162,238] 35 (acg)
[20:31:17] 3 tRNA-Leu c[248,333] 35 (taa)
[20:31:17] 4 tRNA-Gly c[348,422] 33 (gcc)
[20:31:17] 5 tRNA-Leu c[428,514] 35 (cag)
[20:31:17] 6 tRNA-Lys c[525,600] 34 (ttt)
[20:31:17] 7 tRNA-Thr c[638,713] 34 (tgt)
[20:31:17] 8 tRNA-Val c[746,821] 34 (tac)
[20:31:17] 9 tRNA-Ala c[21573,21645] 34 (ggc)
[20:31:17] 10 tmRNA c[281386,281745] 87,134 GKTNSFNQNVALAA**
[20:31:17] 11 tRNA-Arg c[380796,380876] 36 (ccg)
[20:31:17] 12 tRNA-Phe c[1014085,1014158] 34 (gaa)
[20:31:17] 13 tRNA-Asp c[1014194,1014270] 35 (gtc)
[20:31:17] 14 tRNA-Glu c[1014352,1014423] 34 (ttc)
[20:31:17] 15 tRNA-Lys c[1014433,1014508] 34 (ttt)
[20:31:17] 16 tRNA-Ile [1082611,1082687] 35 (gat)
[20:31:17] 17 tRNA-Ala [1082699,1082774] 34 (tgc)
[20:31:17] 18 tRNA-Ser [1093438,1093530] 37 (tga)
[20:31:17] 19 tRNA-Ile [1103078,1103154] 35 (gat)
[20:31:17] 20 tRNA-Ala [1103166,1103241] 34 (tgc)
[20:31:17] 21 tRNA-Met [1141328,1141404] 35 (cat)
[20:31:17] 22 tRNA-Glu [1141413,1141488] 35 (ttc)
[20:31:17] 23 tRNA-Val [1166525,1166600] 34 (tac)
[20:31:17] 24 tRNA-Thr [1166605,1166680] 34 (tgt)
[20:31:17] 25 tRNA-Lys [1166717,1166792] 34 (ttt)
[20:31:17] 26 tRNA-Leu [1166799,1166881] 35 (tag)
[20:31:17] 27 tRNA-Gly [1166922,1166996] 33 (gcc)
[20:31:17] 28 tRNA-Leu [1167011,1167096] 35 (taa)
[20:31:17] 29 tRNA-Arg [1167106,1167182] 35 (acg)
[20:31:17] 30 tRNA-Pro [1167210,1167286] 35 (tgg)
[20:31:17] 31 tRNA-Ala [1167295,1167370] 34 (tgc)
[20:31:17] 32 tRNA-Asn [1236902,1236976] 33 (gtt)
[20:31:17] 33 tRNA-Thr [1236979,1237051] 34 (ggt)
[20:31:17] 34 tRNA-Gly [1237112,1237186] 33 (gcc)
[20:31:17] 35 tRNA-Arg [1237218,1237294] 35 (acg)
[20:31:17] 36 tRNA-Pro [1237322,1237398] 35 (tgg)
[20:31:17] 37 tRNA-Ala [1237407,1237482] 34 (tgc)
[20:31:17] 38 tRNA-Glu [1265180,1265254] 34 (ttc)
[20:31:17] 39 tRNA-Val [1265258,1265333] 34 (tac)
[20:31:17] 40 tRNA-Thr [1265338,1265411] 34 (tgt)
[20:31:17] 41 tRNA-Tyr [1265433,1265517] 35 (gta)
[20:31:17] 42 tRNA-Gln [1265521,1265595] 34 (ttg)
[20:31:17] 43 tRNA-Asn [1591201,1591275] 33 (gtt)
[20:31:17] 44 tRNA-Ser [1591280,1591370] 35 (gct)
[20:31:17] 45 tRNA-Glu [1591400,1591471] 34 (ttc)
[20:31:17] 46 tRNA-Gln [1591483,1591557] 33 (ttg)
[20:31:17] 47 tRNA-Lys [1591584,1591659] 34 (ttt)
[20:31:17] 48 tRNA-Leu [1591671,1591753] 35 (tag)
[20:31:17] 49 tRNA-Leu [1591834,1591917] 34 (gag)
[20:31:17] 50 tRNA-Arg [1677095,1677171] 35 (acg)
[20:31:17] 51 tRNA-Gly [1677186,1677259] 33 (tcc)
[20:31:17] 52 tRNA-Met [1682333,1682409] 35 (cat)
[20:31:17] 53 tRNA-Asp [1682470,1682546] 35 (gtc)
[20:31:17] 54 tRNA-Asn [1974491,1974565] 33 (gtt)
[20:31:17] 55 tRNA-Ser [1974571,1974662] 35 (gga)
[20:31:17] 56 tRNA-Glu [1974697,1974768] 34 (ttc)
[20:31:17] 57 tRNA-Val [1974778,1974853] 34 (tac)
[20:31:17] 58 tRNA-Met [1974863,1974939] 35 (cat)
[20:31:17] 59 tRNA-Asp [1974951,1975027] 35 (gtc)
[20:31:17] 60 tRNA-Phe [1975040,1975115] 34 (gaa)
[20:31:17] 61 tRNA-Thr [1975121,1975194] 34 (tgt)
[20:31:17] 62 tRNA-Tyr [1975216,1975300] 35 (gta)
[20:31:17] 63 tRNA-Trp [1975306,1975379] 33 (cca)
[20:31:17] 64 tRNA-His [1975404,1975479] 34 (gtg)
[20:31:17] 65 tRNA-Gln [1975488,1975562] 34 (ttg)
[20:31:17] 66 tRNA-Gly [1975610,1975684] 33 (gcc)
[20:31:17] 67 tRNA-Cys [1975690,1975760] 33 (gca)
[20:31:17] 68 tRNA-Leu [1975768,1975856] 35 (taa)
[20:31:17] 69 tRNA-Leu [1976120,1976203] 36 (caa)
[20:31:17] 70 tRNA-Gly [1988852,1988925] 33 (tcc)
[20:31:17] 71 tRNA-Val [2286699,2286773] 35 (gac)
[20:31:17] 72 tRNA-Arg c[3073521,3073593] 34 (cct)
[20:31:17] 73 tRNA-Gln [3496559,3496629] 33 (ttg)
[20:31:17] 74 tRNA-Arg c[3881103,3881178] 36 (tct)
[20:31:17] 75 tRNA-Glu c[4141990,4142061] 34 (ttc)
[20:31:17] 76 tRNA-Ser c[4142087,4142177] 35 (gct)
[20:31:17] 77 tRNA-Asn c[4142181,4142255] 33 (gtt)
[20:31:17] 78 tRNA-Ile c[4142266,4142342] 35 (gat)
[20:31:17] 79 tRNA-Gly c[4142358,4142431] 33 (tcc)
[20:31:17] 80 tRNA-His c[4142442,4142517] 34 (gtg)
[20:31:17] 81 tRNA-Phe c[4142535,4142610] 34 (gaa)
[20:31:17] 82 tRNA-Asp c[4142623,4142699] 35 (gtc)
[20:31:17] 83 tRNA-Met c[4142711,4142787] 35 (cat)
[20:31:17] 84 tRNA-Ser c[4142805,4142897] 37 (tga)
[20:31:17] 85 tRNA-Met c[4142904,4142980] 35 (cat)
[20:31:17] 86 tRNA-Met c[4142983,4143059] 35 (cat)
[20:31:17] Found 86 tRNAs
[20:31:17] Predicting Ribosomal RNAs
[20:31:17] Running Barrnap with 20 threads
[20:31:21] 1 NZ_CP194217.1 847 5S ribosomal RNA
[20:31:21] 2 NZ_CP194217.1 1094 23S ribosomal RNA
[20:31:21] 3 NZ_CP194217.1 4190 16S ribosomal RNA
[20:31:21] 4 NZ_CP194217.1 1080962 16S ribosomal RNA
[20:31:21] 5 NZ_CP194217.1 1082858 23S ribosomal RNA
[20:31:21] 6 NZ_CP194217.1 1085840 5S ribosomal RNA
[20:31:21] 7 NZ_CP194217.1 1101429 16S ribosomal RNA
[20:31:21] 8 NZ_CP194217.1 1103325 23S ribosomal RNA
[20:31:21] 9 NZ_CP194217.1 1106385 5S ribosomal RNA
[20:31:21] 10 NZ_CP194217.1 1161687 16S ribosomal RNA
[20:31:21] 11 NZ_CP194217.1 1163406 23S ribosomal RNA
[20:31:21] 12 NZ_CP194217.1 1166389 5S ribosomal RNA
[20:31:21] 13 NZ_CP194217.1 1167545 16S ribosomal RNA
[20:31:21] 14 NZ_CP194217.1 1169264 23S ribosomal RNA
[20:31:21] 15 NZ_CP194217.1 1172247 5S ribosomal RNA
[20:31:21] 16 NZ_CP194217.1 1232042 16S ribosomal RNA
[20:31:21] 17 NZ_CP194217.1 1233761 23S ribosomal RNA
[20:31:21] 18 NZ_CP194217.1 1236743 5S ribosomal RNA
[20:31:21] 19 NZ_CP194217.1 1237658 16S ribosomal RNA
[20:31:21] 20 NZ_CP194217.1 1239377 23S ribosomal RNA
[20:31:21] 21 NZ_CP194217.1 1242359 5S ribosomal RNA
[20:31:21] 22 NZ_CP194217.1 1242662 16S ribosomal RNA
[20:31:21] 23 NZ_CP194217.1 1244381 23S ribosomal RNA
[20:31:21] 24 NZ_CP194217.1 1247363 5S ribosomal RNA
[20:31:21] 25 NZ_CP194217.1 1677425 16S ribosomal RNA
[20:31:21] 26 NZ_CP194217.1 1679144 23S ribosomal RNA
[20:31:21] 27 NZ_CP194217.1 1682205 5S ribosomal RNA
[20:31:21] 28 NZ_CP194217.1 1969610 16S ribosomal RNA
[20:31:21] 29 NZ_CP194217.1 1971329 23S ribosomal RNA
[20:31:21] 30 NZ_CP194217.1 1974368 5S ribosomal RNA
[20:31:21] Found 30 rRNAs
[20:31:21] Skipping ncRNA search, enable with --rfam if desired.
[20:31:21] Total of 115 tRNA + rRNA features
[20:31:21] Searching for CRISPR repeats
[20:31:22] Found 0 CRISPRs
[20:31:22] Predicting coding sequences
[20:31:22] Contigs total 4143087 bp, so using single mode
[20:31:22] Running: prodigal -i GCA_050908195\.1_ASM5090819v1_genomic\/GCA_050908195\.1_ASM5090819v1_genomic\.fna -c -m -g 11 -p single -f sco -q
[20:31:35] Excluding CDS which overlaps existing RNA (rRNA) at NZ_CP194217.1:4291..4545 on - strand
[20:31:39] Excluding CDS which overlaps existing RNA (rRNA) at NZ_CP194217.1:1082153..1082407 on + strand
[20:31:39] Excluding CDS which overlaps existing RNA (rRNA) at NZ_CP194217.1:1102620..1102874 on + strand
[20:31:39] Excluding CDS which overlaps existing RNA (rRNA) at NZ_CP194217.1:1162878..1163132 on + strand
[20:31:39] Excluding CDS which overlaps existing RNA (rRNA) at NZ_CP194217.1:1168736..1168990 on + strand
[20:31:40] Excluding CDS which overlaps existing RNA (rRNA) at NZ_CP194217.1:1233233..1233487 on + strand
[20:31:40] Excluding CDS which overlaps existing RNA (rRNA) at NZ_CP194217.1:1238849..1239103 on + strand
[20:31:40] Excluding CDS which overlaps existing RNA (rRNA) at NZ_CP194217.1:1243853..1244107 on + strand
[20:31:41] Excluding CDS which overlaps existing RNA (tRNA) at NZ_CP194217.1:1677060..1677248 on - strand
[20:31:41] Excluding CDS which overlaps existing RNA (rRNA) at NZ_CP194217.1:1678616..1678870 on + strand
[20:31:42] Excluding CDS which overlaps existing RNA (rRNA) at NZ_CP194217.1:1970801..1971055 on + strand
[20:31:42] Excluding CDS which overlaps existing RNA (tRNA) at NZ_CP194217.1:1988459..1988914 on - strand
[20:31:50] Found 4131 CDS
[20:31:50] Connecting features back to sequences
[20:31:50] Not using genus-specific database. Try --usegenus to enable it.
[20:31:50] Annotating CDS, please be patient.
[20:31:50] Will use 20 CPUs for similarity searching.
[20:31:55] There are still 4131 unannotated CDS left (started with 4131)
[20:31:55] Will use blast to search against /home/datnguyen/anaconda3/envs/prokka/db/kingdom/Bacteria/IS with 20 CPUs
[20:31:55] Running: cat GCA_050908195\.1_ASM5090819v1_genomic\/GCA_050908195\.1_ASM5090819v1_genomic\.IS\.tmp\.2190752\.faa | parallel --gnu --plain -j 20 --block 31009 --recstart '>' --pipe blastp -query - -db /home/datnguyen/anaconda3/envs/prokka/db/kingdom/Bacteria/IS -evalue 1e-30 -qcov_hsp_perc 90 -num_threads 1 -num_descriptions 1 -num_alignments 1 -seg no > GCA_050908195\.1_ASM5090819v1_genomic\/GCA_050908195\.1_ASM5090819v1_genomic\.IS\.tmp\.2190752\.blast 2> /dev/null
[20:32:04] Deleting unwanted file: GCA_050908195.1_ASM5090819v1_genomic/GCA_050908195.1_ASM5090819v1_genomic.IS.tmp.2190752.faa
[20:32:04] Deleting unwanted file: GCA_050908195.1_ASM5090819v1_genomic/GCA_050908195.1_ASM5090819v1_genomic.IS.tmp.2190752.blast
[20:32:09] There are still 4128 unannotated CDS left (started with 4131)
[20:32:09] Will use blast to search against /home/datnguyen/anaconda3/envs/prokka/db/kingdom/Bacteria/AMR with 20 CPUs
[20:32:09] Running: cat GCA_050908195\.1_ASM5090819v1_genomic\/GCA_050908195\.1_ASM5090819v1_genomic\.AMR\.tmp\.2190752\.faa | parallel --gnu --plain -j 20 --block 30996 --recstart '>' --pipe blastp -query - -db /home/datnguyen/anaconda3/envs/prokka/db/kingdom/Bacteria/AMR -evalue 1e-300 -qcov_hsp_perc 90 -num_threads 1 -num_descriptions 1 -num_alignments 1 -seg no > GCA_050908195\.1_ASM5090819v1_genomic\/GCA_050908195\.1_ASM5090819v1_genomic\.AMR\.tmp\.2190752\.blast 2> /dev/null
[20:32:17] Deleting unwanted file: GCA_050908195.1_ASM5090819v1_genomic/GCA_050908195.1_ASM5090819v1_genomic.AMR.tmp.2190752.faa
[20:32:17] Deleting unwanted file: GCA_050908195.1_ASM5090819v1_genomic/GCA_050908195.1_ASM5090819v1_genomic.AMR.tmp.2190752.blast
[20:32:22] There are still 4126 unannotated CDS left (started with 4131)
[20:32:22] Will use blast to search against /home/datnguyen/anaconda3/envs/prokka/db/kingdom/Bacteria/sprot with 20 CPUs
[20:32:22] Running: cat GCA_050908195\.1_ASM5090819v1_genomic\/GCA_050908195\.1_ASM5090819v1_genomic\.sprot\.tmp\.2190752\.faa | parallel --gnu --plain -j 20 --block 30960 --recstart '>' --pipe blastp -query - -db /home/datnguyen/anaconda3/envs/prokka/db/kingdom/Bacteria/sprot -evalue 1e-09 -qcov_hsp_perc 80 -num_threads 1 -num_descriptions 1 -num_alignments 1 -seg no > GCA_050908195\.1_ASM5090819v1_genomic\/GCA_050908195\.1_ASM5090819v1_genomic\.sprot\.tmp\.2190752\.blast 2> /dev/null
[20:32:48] Modify product: Uncharacterized protein YycE => putative protein YycE
[20:32:48] Modify product: Uncharacterized protein YycC => putative protein YycC
[20:32:48] Modify product: Uncharacterized transporter YycB => putative transporter YycB
[20:32:48] Modify product: Uncharacterized HTH-type transcriptional regulator YybR => putative HTH-type transcriptional regulator YybR
[20:32:48] Modify product: Probable galactarate transporter => putative galactarate transporter
[20:32:48] Modify product: Uncharacterized protein YybH => putative protein YybH
[20:32:48] Modify product: Uncharacterized N-acetyltransferase YjcF => putative N-acetyltransferase YjcF
[20:32:48] Modify product: Uncharacterized N-acetyltransferase YjcF => putative N-acetyltransferase YjcF
[20:32:48] Modify product: Probable dimethyl sulfoxide reductase chain YnfF => putative dimethyl sulfoxide reductase chain YnfF
[20:32:48] Modify product: Nucleoid-associated protein Cthe_2143 => Nucleoid-associated protein
[20:32:48] Modify product: TelA-like protein SA1238 => TelA-like protein
[20:32:48] Modify product: UPF0213 protein BH0048 => hypothetical protein
[20:32:48] Modify product: Uncharacterized metal-dependent hydrolase YcfH => putative metal-dependent hydrolase YcfH
[20:32:48] Modify product: Probable manganese catalase => putative manganese catalase
[20:32:48] Modify product: Probable ribonuclease YokI => putative ribonuclease YokI
[20:32:48] Modify product: Uncharacterized inner membrane transporter YicL => putative inner membrane transporter YicL
[20:32:48] Modify product: Peptidoglycan-N-acetylglucosamine deacetylase BC_1974 => Peptidoglycan-N-acetylglucosamine deacetylase
[20:32:48] Modify product: Uncharacterized inner membrane transporter YedA => putative inner membrane transporter YedA
[20:32:49] Modify product: Uncharacterized membrane protein YdfK => putative membrane protein YdfK
[20:32:49] Modify product: UPF0702 transmembrane protein YetF => hypothetical protein
[20:32:49] Modify product: Uncharacterized N-acetyltransferase YycN => putative N-acetyltransferase YycN
[20:32:49] Modify product: Uncharacterized protein YdhK => putative protein YdhK
[20:32:49] Modify product: Probable mannose-6-phosphate isomerase GmuF => putative mannose-6-phosphate isomerase GmuF
[20:32:49] Modify product: Probable manganese catalase => putative manganese catalase
[20:32:49] Modify product: Probable manganese catalase => putative manganese catalase
[20:32:49] Modify product: Uncharacterized ABC transporter ATP-binding protein YbiT => putative ABC transporter ATP-binding protein YbiT
[20:32:49] Modify product: Phage shock protein A homolog => Phage shock protein A 
[20:32:49] Modify product: Uncharacterized protein YdjM => putative protein YdjM
[20:32:49] Modify product: UPF0316 protein SA1727 => hypothetical protein
[20:32:49] Modify product: Uncharacterized membrane protein YwnJ => putative membrane protein YwnJ
[20:32:49] Modify product: Uncharacterized protein YwmB => putative protein YwmB
[20:32:49] Modify product: UPF0340 protein YwlG => hypothetical protein
[20:32:49] Modify product: Probable manganese efflux pump MntP => putative manganese efflux pump MntP
[20:32:49] Modify product: Probable NAD-dependent malic enzyme 2 => putative NAD-dependent malic enzyme 2
[20:32:49] Modify product: Probable fructose-bisphosphate aldolase => putative fructose-bisphosphate aldolase
[20:32:49] Modify product: Probable iron-sulfur-binding oxidoreductase FadF => putative iron-sulfur-binding oxidoreductase FadF
[20:32:49] Modify product: Putative multidrug export ATP-binding/permease protein SAV1866 => Putative multidrug export ATP-binding/permease protein
[20:32:49] Modify product: Probable cardiolipin synthase YwiE => putative cardiolipin synthase YwiE
[20:32:49] Modify product: Probable transcription regulator ArfM => putative transcription regulator ArfM
[20:32:49] Modify product: Probable nitrate transporter NarT => putative nitrate transporter NarT
[20:32:49] Modify product: Uncharacterized beta-barrel protein YwiB => putative beta-barrel protein YwiB
[20:32:49] Modify product: Uncharacterized protein YwhK => putative protein YwhK
[20:32:49] Modify product: Uncharacterized protein YwhK => putative protein YwhK
[20:32:49] Modify product: Uncharacterized HTH-type transcriptional regulator YusO => putative HTH-type transcriptional regulator YusO
[20:32:49] Modify product: Putative heme-dependent peroxidase GK3416 => Putative heme-dependent peroxidase
[20:32:49] Modify product: Probable biofilm-surface layer protein B => putative biofilm-surface layer protein B
[20:32:49] Modify product: UPF0382 membrane protein YwdK => hypothetical protein
[20:32:49] Modify product: Uncharacterized protein YwdI => putative protein YwdI
[20:32:49] Modify product: Probable deferrochelatase/peroxidase EfeN => putative deferrochelatase/peroxidase EfeN
[20:32:49] Modify product: Probable iron uptake system component EfeM => putative iron uptake system component EfeM
[20:32:49] Modify product: UPF0299 membrane protein YohJ => hypothetical protein
[20:32:49] Modify product: PTS system EIIBC component SA0186 => PTS system EIIBC component
[20:32:49] Modify product: Uncharacterized HTH-type transcriptional regulator YbbH => putative HTH-type transcriptional regulator YbbH
[20:32:49] Modify product: Probable serine/threonine-protein kinase YbdM => putative serine/threonine-protein kinase YbdM
[20:32:49] Modify product: Probable transport protein YifK => putative transport protein YifK
[20:32:49] Modify product: Probable beta-lactamase YbxI => putative beta-lactamase YbxI
[20:32:49] Modify product: Uncharacterized inner membrane transporter YhbE => putative inner membrane transporter YhbE
[20:32:49] Modify product: UPF0176 protein SP_0095 => hypothetical protein
[20:32:49] Modify product: Probable glucosamine-6-phosphate deaminase 2 => putative glucosamine-6-phosphate deaminase 2
[20:32:49] Modify product: Uncharacterized membrane protein YbgB => putative membrane protein YbgB
[20:32:49] Modify product: Probable 5-dehydro-4-deoxyglucarate dehydratase => putative 5-dehydro-4-deoxyglucarate dehydratase
[20:32:49] Modify product: Probable glucarate transporter => putative glucarate transporter
[20:32:49] Modify product: Probable multidrug resistance protein EmrY => putative multidrug resistance protein EmrY
[20:32:49] Modify product: Uncharacterized HTH-type transcriptional regulator YxaF => putative HTH-type transcriptional regulator YxaF
[20:32:49] Modify product: Probable metabolite transport protein CsbC => putative metabolite transport protein CsbC
[20:32:49] Modify product: Uncharacterized protein YwqG => putative protein YwqG
[20:32:49] Modify product: Probable capsular polysaccharide biosynthesis protein YwqC => putative capsular polysaccharide biosynthesis protein YwqC
[20:32:49] Modify product: Uncharacterized protein YwpG => putative protein YwpG
[20:32:49] Modify product: Uncharacterized HTH-type transcriptional regulator BA_1941/GBAA_1941/BAS1801 => putative HTH-type transcriptional regulator/GBAA_1941/BAS1801
[20:32:49] Modify product: Probable allantoin permease => putative allantoin permease
[20:32:49] Modify product: Probable amino-acid metabolite efflux pump => putative amino-acid metabolite efflux pump
[20:32:49] Modify product: Uncharacterized amino acid permease YvbW => putative amino acid permease YvbW
[20:32:50] Modify product: Uncharacterized protein YvfG => putative protein YvfG
[20:32:50] Modify product: Uncharacterized sugar transferase EpsL => putative sugar transferase EpsL
[20:32:50] Modify product: Uncharacterized membrane protein EpsK => putative membrane protein EpsK
[20:32:50] Modify product: Uncharacterized glycosyltransferase EpsJ => putative glycosyltransferase EpsJ
[20:32:50] Modify product: Probable capsular polysaccharide biosynthesis protein YwqC => putative capsular polysaccharide biosynthesis protein YwqC
[20:32:50] Modify product: UPF0311 protein CA_C3321 => hypothetical protein
[20:32:50] Modify product: Uncharacterized HTH-type transcriptional regulator YvdT => putative HTH-type transcriptional regulator YvdT
[20:32:50] Modify product: Probable cell division protein WhiA => putative cell division protein WhiA
[20:32:50] Modify product: Uncharacterized protein YvyC => putative protein YvyC
[20:32:50] Modify product: Uncharacterized protein YviE => putative protein YviE
[20:32:50] Modify product: Uncharacterized protein YvyG => putative protein YvyG
[20:32:50] Modify product: Probable undecaprenyl-phosphate N-acetylglucosaminyl 1-phosphate transferase => putative undecaprenyl-phosphate N-acetylglucosaminyl 1-phosphate transferase
[20:32:50] Modify product: Uncharacterized protein HP_1423 => putative protein
[20:32:50] Modify product: Probable serine/threonine-protein kinase YabT => putative serine/threonine-protein kinase YabT
[20:32:50] Modify product: Uncharacterized PIN and TRAM-domain containing protein YacL => putative PIN and TRAM-domain containing protein YacL
[20:32:50] Modify product: Uncharacterized protein YacP => putative protein YacP
[20:32:50] Modify product: Ribosome-associated protein L7Ae-like => Ribosome-associated protein L7Ae-like protein
[20:32:50] Modify product: Uncharacterized protein YbbA => putative protein YbbA
[20:32:50] Modify product: Uncharacterized protein YflH => putative protein YflH
[20:32:50] Modify product: UPF0435 protein YfkK => hypothetical protein
[20:32:50] Modify product: Uncharacterized protein YfkD => putative protein YfkD
[20:32:50] Modify product: Uncharacterized MscS family protein YfkC => putative MscS family protein YfkC
[20:32:50] Modify product: Probable tRNA-dihydrouridine synthase => putative tRNA-dihydrouridine synthase
[20:32:50] Modify product: UPF0060 membrane protein YnfA => hypothetical protein
[20:32:50] Modify product: Uncharacterized ABC transporter ATP-binding protein Rv1273c => putative ABC transporter ATP-binding protein
[20:32:50] Modify product: Uncharacterized ABC transporter ATP-binding protein TM_0288 => putative ABC transporter ATP-binding protein
[20:32:50] Modify product: Uncharacterized HTH-type transcriptional regulator YfiR => putative HTH-type transcriptional regulator YfiR
[20:32:50] Modify product: Probable siderophore-binding lipoprotein YfiY => putative siderophore-binding lipoprotein YfiY
[20:32:50] Modify product: Probable siderophore transport system permease protein YfiZ => putative siderophore transport system permease protein YfiZ
[20:32:50] Modify product: Probable siderophore transport system permease protein YfhA => putative siderophore transport system permease protein YfhA
[20:32:50] Modify product: Uncharacterized isomerase YddE => putative isomerase YddE
[20:32:50] Modify product: Epimerase family protein SA0724 => Epimerase family protein
[20:32:50] Modify product: Uncharacterized protein YfhH => putative protein YfhH
[20:32:50] Modify product: Uncharacterized protein YfhP => putative protein YfhP
[20:32:50] Modify product: Uncharacterized protein YfhS => putative protein YfhS
[20:32:50] Modify product: UPF0374 protein SP_1903 => hypothetical protein
[20:32:50] Modify product: Putative multidrug export ATP-binding/permease protein SAV1866 => Putative multidrug export ATP-binding/permease protein
[20:32:50] Modify product: Uncharacterized membrane protein YuaF => putative membrane protein YuaF
[20:32:50] Modify product: UPF0053 protein Rv1842c => hypothetical protein
[20:32:50] Modify product: Probable N-acetyl-LL-diaminopimelate aminotransferase => putative N-acetyl-LL-diaminopimelate aminotransferase
[20:32:50] Modify product: Putative esterase PA1618 => Putative esterase
[20:32:50] Modify product: Uncharacterized protein YueI => putative protein YueI
[20:32:50] Modify product: Probable spore germination protein GerPF => putative spore germination protein GerPF
[20:32:50] Modify product: Putative transport protein Rv0205 => Putative transport protein
[20:32:50] Modify product: Probable 6-phospho-beta-glucosidase => putative 6-phospho-beta-glucosidase
[20:32:50] Modify product: Probable licABCH operon regulator => putative licABCH operon regulator
[20:32:50] Modify product: Uncharacterized transmembrane protein YxlG => putative transmembrane protein YxlG
[20:32:50] Modify product: Uncharacterized ABC transporter ATP-binding protein YxlF => putative ABC transporter ATP-binding protein YxlF
[20:32:50] Modify product: Uncharacterized protein YxlC => putative protein YxlC
[20:32:50] Modify product: Probable ABC transporter ATP-binding/permease protein HI_0664 => putative ABC transporter ATP-binding/permease protein
[20:32:50] Modify product: Uncharacterized protein YxkC => putative protein YxkC
[20:32:50] Modify product: Probable succinyl-CoA:3-ketoacid coenzyme A transferase subunit B => putative succinyl-CoA:3-ketoacid coenzyme A transferase subunit B
[20:32:50] Modify product: Probable succinyl-CoA:3-ketoacid coenzyme A transferase subunit A => putative succinyl-CoA:3-ketoacid coenzyme A transferase subunit A
[20:32:50] Modify product: Uncharacterized esterase YxiM => putative esterase YxiM
[20:32:50] Modify product: Probable amino-acid import ATP-binding protein YxeO => putative amino-acid import ATP-binding protein YxeO
[20:32:51] Modify product: Probable amino-acid permease protein YxeN => putative amino-acid permease protein YxeN
[20:32:51] Modify product: Probable amino-acid-binding protein YxeM => putative amino-acid-binding protein YxeM
[20:32:51] Modify product: Uncharacterized protein YxeI => putative protein YxeI
[20:32:51] Modify product: Uncharacterized protein YxeF => putative protein YxeF
[20:32:51] Modify product: Uncharacterized protein YxeE => putative protein YxeE
[20:32:51] Modify product: Uncharacterized protein YxeA => putative protein YxeA
[20:32:51] Modify product: Probable metabolite transport protein CsbC => putative metabolite transport protein CsbC
[20:32:51] Modify product: Uncharacterized protein YxaL => putative protein YxaL
[20:32:51] Modify product: Uncharacterized HTH-type transcriptional regulator YxaF => putative HTH-type transcriptional regulator YxaF
[20:32:51] Modify product: Probable D-xylose utilization operon transcriptional repressor => putative D-xylose utilization operon transcriptional repressor
[20:32:51] Modify product: Uncharacterized HTH-type transcriptional regulator YydK => putative HTH-type transcriptional regulator YydK
[20:32:51] Modify product: Probable peptide export permease protein YydJ => putative peptide export permease protein YydJ
[20:32:51] Modify product: Probable peptide export ATP-binding protein YydI => putative peptide export ATP-binding protein YydI
[20:32:51] Modify product: Uncharacterized N-acetyltransferase YycN => putative N-acetyltransferase YycN
[20:32:51] Modify product: Uncharacterized lipoprotein YcdA => putative lipoprotein YcdA
[20:32:51] Modify product: Probable oligo-1,6-glucosidase 2 => putative oligo-1,6-glucosidase 2
[20:32:51] Modify product: UPF0053 inner membrane protein YoaE => hypothetical protein
[20:32:51] Modify product: TelA-like protein SA1238 => TelA-like protein
[20:32:51] Modify product: Uncharacterized methyltransferase YcgJ => putative methyltransferase YcgJ
[20:32:51] Modify product: Probable ABC transporter extracellular-binding protein YckB => putative ABC transporter extracellular-binding protein YckB
[20:32:51] Modify product: Probable transcriptional regulatory protein SA0624 => putative transcriptional regulatory protein
[20:32:51] Modify product: Uncharacterized protein YesE => putative protein YesE
[20:32:51] Modify product: Uncharacterized protein YesV => putative protein YesV
[20:32:51] Modify product: Uncharacterized protein YesU => putative protein YesU
[20:32:51] Modify product: Uncharacterized protein YesV => putative protein YesV
[20:32:51] Modify product: Probable rhamnogalacturonan acetylesterase YesY => putative rhamnogalacturonan acetylesterase YesY
[20:32:51] Modify product: Uncharacterized multiple-sugar transport system permease YteP => putative multiple-sugar transport system permease YteP
[20:32:51] Modify product: UPF0702 transmembrane protein YetF => hypothetical protein
[20:32:51] Modify product: Uncharacterized protein YetJ => putative protein YetJ
[20:32:51] Modify product: Uncharacterized amino acid permease YhdG => putative amino acid permease YhdG
[20:32:51] Modify product: Uncharacterized ABC transporter ATP-binding protein YbiT => putative ABC transporter ATP-binding protein YbiT
[20:32:51] Modify product: Probable ATP-dependent RNA helicase YfmL => putative ATP-dependent RNA helicase YfmL
[20:32:51] Modify product: Probable siderophore transport system ATP-binding protein YusV => putative siderophore transport system ATP-binding protein YusV
[20:32:51] Modify product: Probable siderophore transport system permease protein YfiZ => putative siderophore transport system permease protein YfiZ
[20:32:51] Modify product: Uncharacterized protein YfmB => putative protein YfmB
[20:32:51] Modify product: Probable metallo-hydrolase YflN => putative metallo-hydrolase YflN
[20:32:51] Modify product: Stress response UPF0229 protein YhbH => hypothetical protein
[20:32:51] Modify product: Probable spore germination lipoprotein YhcN => putative spore germination lipoprotein YhcN
[20:32:51] Modify product: Probable peptidoglycan endopeptidase LytE => putative peptidoglycan endopeptidase LytE
[20:32:51] Modify product: Uncharacterized amino acid permease YhdG => putative amino acid permease YhdG
[20:32:51] Modify product: Probable anti-sigma-M factor YhdK => putative anti-sigma-M factor YhdK
[20:32:51] Modify product: Probable anti-sigma-M factor YhdL => putative anti-sigma-M factor YhdL
[20:32:51] Modify product: UPF0053 protein Rv1842c => hypothetical protein
[20:32:51] Modify product: UPF0053 protein Rv1842c => hypothetical protein
[20:32:51] Modify product: Peptidoglycan-N-acetylglucosamine deacetylase BC_1974 => Peptidoglycan-N-acetylglucosamine deacetylase
[20:32:51] Modify product: Probable multidrug resistance ABC transporter ATP-binding/permease protein YheI => putative multidrug resistance ABC transporter ATP-binding/permease protein YheI
[20:32:51] Modify product: Probable multidrug resistance ABC transporter ATP-binding/permease protein YheH => putative multidrug resistance ABC transporter ATP-binding/permease protein YheH
[20:32:51] Modify product: Uncharacterized protein YuiC => putative protein YuiC
[20:32:51] Modify product: NADH dehydrogenase-like protein SAOUHSC_00878 => NADH dehydrogenase-like protein
[20:32:51] Modify product: Protein aq_1857 => Protein
[20:32:51] Modify product: Uncharacterized protein YpjQ => putative protein YpjQ
[20:32:51] Modify product: UPF0331 protein YutE => hypothetical protein
[20:32:51] Modify product: Uncharacterized protein YutD => putative protein YutD
[20:32:51] Modify product: Probable xanthine dehydrogenase subunit E => putative xanthine dehydrogenase subunit E
[20:32:51] Modify product: Probable xanthine dehydrogenase subunit D => putative xanthine dehydrogenase subunit D
[20:32:51] Modify product: Probable xanthine dehydrogenase subunit C => putative xanthine dehydrogenase subunit C
[20:32:51] Modify product: Probable xanthine dehydrogenase subunit A => putative xanthine dehydrogenase subunit A
[20:32:51] Modify product: Uncharacterized HTH-type transcriptional regulator YurK => putative HTH-type transcriptional regulator YurK
[20:32:51] Modify product: UPF0051 protein SA0778 => hypothetical protein
[20:32:51] Modify product: UPF0051 protein SA0778 => hypothetical protein
[20:32:51] Modify product: Probable acyl-CoA dehydrogenase => putative acyl-CoA dehydrogenase
[20:32:51] Modify product: Probable 3-hydroxyacyl-CoA dehydrogenase => putative 3-hydroxyacyl-CoA dehydrogenase
[20:32:51] Modify product: Uncharacterized HTH-type transcriptional regulator YusO => putative HTH-type transcriptional regulator YusO
[20:32:51] Modify product: Probable siderophore transport system ATP-binding protein YusV => putative siderophore transport system ATP-binding protein YusV
[20:32:51] Modify product: Probable UbiX-like flavin prenyltransferase => putative UbiX-like flavin prenyltransferase
[20:32:51] Modify product: Uncharacterized protein YcnI => putative protein YcnI
[20:32:51] Modify product: Uncharacterized protein YcnL => putative protein YcnL
[20:32:51] Modify product: Putative hydro-lyase Atu3911 => Putative hydro-lyase
[20:32:51] Modify product: Probable D-lyxose ketol-isomerase => putative D-lyxose ketol-isomerase
[20:32:51] Modify product: Probable diguanylate cyclase DgcC => putative diguanylate cyclase DgcC
[20:32:52] Modify product: Uncharacterized protein YvrJ => putative protein YvrJ
[20:32:52] Modify product: Uncharacterized ABC transporter permease YknZ => putative ABC transporter permease YknZ
[20:32:52] Modify product: Uncharacterized ABC transporter ATP-binding protein YknY => putative ABC transporter ATP-binding protein YknY
[20:32:52] Modify product: Probable siderophore transport system ATP-binding protein YusV => putative siderophore transport system ATP-binding protein YusV
[20:32:52] Modify product: Probable protein-export membrane protein SecG => putative protein-export membrane protein SecG
[20:32:52] Modify product: UPF0056 inner membrane protein YhgN => hypothetical protein
[20:32:52] Modify product: Uncharacterized N-acetyltransferase YvbK => putative N-acetyltransferase YvbK
[20:32:52] Modify product: Uncharacterized protein Rv1507c => putative protein
[20:32:52] Modify product: Uncharacterized protein YflH => putative protein YflH
[20:32:52] Modify product: Uncharacterized protein YmcA => putative protein YmcA
[20:32:52] Modify product: Probable polyketide biosynthesis zinc-dependent hydrolase PksB => putative polyketide biosynthesis zinc-dependent hydrolase PksB
[20:32:52] Modify product: Polyketide biosynthesis acyltransferase homolog PksD => Polyketide biosynthesis acyltransferase PksD
[20:32:52] Modify product: Probable polyketide biosynthesis enoyl-CoA hydratase PksH => putative polyketide biosynthesis enoyl-CoA hydratase PksH
[20:32:52] Modify product: Uncharacterized N-acetyltransferase YjcF => putative N-acetyltransferase YjcF
[20:32:52] Modify product: Uncharacterized protein YjcS => putative protein YjcS
[20:32:52] Modify product: Uncharacterized protein YjdF => putative protein YjdF
[20:32:52] Modify product: Uncharacterized protein YjfB => putative protein YjfB
[20:32:52] Modify product: Uncharacterized protein YjgB => putative protein YjgB
[20:32:52] Modify product: Putative formate dehydrogenase SA2102 => Putative formate dehydrogenase
[20:32:52] Modify product: Uncharacterized lipoprotein YjhA => putative lipoprotein YjhA
[20:32:52] Modify product: Probable iron export permease protein FetB => putative iron export permease protein FetB
[20:32:52] Modify product: Uncharacterized protein YjlC => putative protein YjlC
[20:32:52] Modify product: Uncharacterized symporter YjmB => putative symporter YjmB
[20:32:52] Modify product: Uncharacterized oxidoreductase YjmC => putative oxidoreductase YjmC
[20:32:52] Modify product: Uncharacterized oxidoreductase YjmC => putative oxidoreductase YjmC
[20:32:52] Modify product: Uncharacterized zinc-type alcohol dehydrogenase-like protein YjmD => putative zinc-type alcohol dehydrogenase-like protein YjmD
[20:32:52] Modify product: Uncharacterized oxidoreductase UxuB => putative oxidoreductase UxuB
[20:32:52] Modify product: Probable HTH-type transcriptional repressor ExuR => putative HTH-type transcriptional repressor ExuR
[20:32:52] Modify product: Uncharacterized protein YjoA => putative protein YjoA
[20:32:52] Modify product: Uncharacterized ATPase YjoB => putative ATPase YjoB
[20:32:52] Modify product: UPF0714 protein YmaC => hypothetical protein
[20:32:52] Modify product: Probable manganese catalase => putative manganese catalase
[20:32:52] Modify product: Uncharacterized protein YqbD => putative protein YqbD
[20:32:52] Modify product: Uncharacterized protein YqbG => putative protein YqbG
[20:32:52] Modify product: Uncharacterized protein YqbN => putative protein YqbN
[20:32:52] Modify product: UPF0754 membrane protein SA1664 => hypothetical protein
[20:32:52] Modify product: UPF0342 protein YheA => hypothetical protein
[20:32:52] Modify product: Uncharacterized protein YhaZ => putative protein YhaZ
[20:32:52] Modify product: Multidrug efflux system ATP-binding protein Rv1218c => Multidrug efflux system ATP-binding protein
[20:32:52] Modify product: Uncharacterized protein YhaP => putative protein YhaP
[20:32:52] Modify product: Uncharacterized metallophosphoesterase YhaO => putative metallophosphoesterase YhaO
[20:32:52] Modify product: Uncharacterized protein YhaN => putative protein YhaN
[20:32:52] Modify product: Uncharacterized protein YhaI => putative protein YhaI
[20:32:52] Modify product: Probable tryptophan transport protein => putative tryptophan transport protein
[20:32:52] Modify product: Uncharacterized protein Rv1339 => putative protein
[20:32:52] Modify product: Uncharacterized sugar epimerase YhfK => putative sugar epimerase YhfK
[20:32:52] Modify product: Uncharacterized acyl--CoA ligase YhfT => putative acyl--CoA ligase YhfT
[20:32:52] Modify product: Probable biotin transporter BioY => putative biotin transporter BioY
[20:32:52] Modify product: Uncharacterized oxidoreductase YghA => putative oxidoreductase YghA
[20:32:52] Modify product: Uncharacterized symporter YodF => putative symporter YodF
[20:32:52] Modify product: Uncharacterized cysteine-rich protein YhjQ => putative cysteine-rich protein YhjQ
[20:32:52] Modify product: Probable spore germination protein GerPF => putative spore germination protein GerPF
[20:32:52] Modify product: Probable spore germination protein GerPE => putative spore germination protein GerPE
[20:32:52] Modify product: Probable spore germination protein GerPD => putative spore germination protein GerPD
[20:32:52] Modify product: Probable spore germination protein GerPC => putative spore germination protein GerPC
[20:32:52] Modify product: Probable spore germination protein GerPB => putative spore germination protein GerPB
[20:32:52] Modify product: Probable spore germination protein GerPA => putative spore germination protein GerPA
[20:32:52] Modify product: Uncharacterized protein YisK => putative protein YisK
[20:32:52] Modify product: Uncharacterized protein YlqB => putative protein YlqB
[20:32:52] Modify product: UPF0122 protein SAV1236 => hypothetical protein
[20:32:52] Modify product: UPF0109 protein Rv2908c => hypothetical protein
[20:32:52] Modify product: Probable ATP synthase YscN => putative ATP synthase YscN
[20:32:52] Modify product: Probable ribosomal protein YlxQ => putative ribosomal protein YlxQ
[20:32:52] Modify product: Uncharacterized zinc protease Rv2782c => putative zinc protease
[20:32:52] Modify product: UPF0714 protein YmaC => hypothetical protein
[20:32:52] Modify product: Uncharacterized protein YmzC => putative protein YmzC
[20:32:52] Modify product: UPF0457 protein SA1975.1 => hypothetical protein
[20:32:52] Modify product: Acetyltransferase PA3944 => Acetyltransferase
[20:32:52] Modify product: Uncharacterized protein YlbL => putative protein YlbL
[20:32:52] Modify product: Uncharacterized N-acetyltransferase YlbP => putative N-acetyltransferase YlbP
[20:32:52] Modify product: Probable peptidoglycan glycosyltransferase FtsW => putative peptidoglycan glycosyltransferase FtsW
[20:32:52] Modify product: UPF0749 protein YlxW => hypothetical protein
[20:32:52] Modify product: Uncharacterized ABC transporter ATP-binding protein YlmA => putative ABC transporter ATP-binding protein YlmA
[20:32:52] Modify product: Probable sporulation protein YlmC => putative sporulation protein YlmC
[20:32:53] Modify product: Probable adenylyl-sulfate kinase => putative adenylyl-sulfate kinase
[20:32:53] Modify product: Rqc2 homolog RqcH => Rqc2 RqcH
[20:32:53] Modify product: UPF0701 protein HI_0467 => hypothetical protein
[20:32:53] Modify product: Probable dual-specificity RNA methyltransferase RlmN => putative dual-specificity RNA methyltransferase RlmN
[20:32:53] Modify product: Uncharacterized protein Spy1614 => putative protein
[20:32:53] Modify product: Uncharacterized protein SA1069 => putative protein
[20:32:53] Modify product: Uncharacterized protein YqeH => putative protein YqeH
[20:32:53] Modify product: Uncharacterized oxidoreductase SA2266 => putative oxidoreductase
[20:32:53] Modify product: Uncharacterized HTH-type transcriptional regulator HI_0186 => putative HTH-type transcriptional regulator
[20:32:53] Modify product: UPF0053 protein Rv1842c => hypothetical protein
[20:32:53] Modify product: Uncharacterized oxidoreductase CzcO => putative oxidoreductase CzcO
[20:32:53] Modify product: Uncharacterized protein YncM => putative protein YncM
[20:32:53] Modify product: Uncharacterized hydrolase SA2367 => putative hydrolase
[20:32:53] Modify product: Probable zinc-binding alcohol dehydrogenase Rv1895 => putative zinc-binding alcohol dehydrogenase
[20:32:53] Modify product: Probable formaldehyde dehydrogenase AdhA => putative formaldehyde dehydrogenase AdhA
[20:32:53] Modify product: Probable formate transporter 2 => putative formate transporter 2
[20:32:53] Modify product: Uncharacterized protein YizA => putative protein YizA
[20:32:53] Modify product: Probable FMN/FAD exporter YeeO => putative FMN/FAD exporter YeeO
[20:32:53] Modify product: Probable adenylyl-sulfate kinase => putative adenylyl-sulfate kinase
[20:32:53] Modify product: Probable 2-phosphosulfolactate phosphatase => putative 2-phosphosulfolactate phosphatase
[20:32:53] Modify product: UPF0234 protein Rv0566c => hypothetical protein
[20:32:53] Modify product: Fatty acid-binding protein TM_1468 => Fatty acid-binding protein
[20:32:53] Modify product: Purine-binding protein BAB2_0673 => Purine-binding protein
[20:32:53] Modify product: UPF0413 protein YjbH => hypothetical protein
[20:32:53] Modify product: Uncharacterized protein YoeB => putative protein YoeB
[20:32:53] Modify product: Probable formaldehyde dehydrogenase AdhA => putative formaldehyde dehydrogenase AdhA
[20:32:53] Modify product: Probable cystine transporter YijE => putative cystine transporter YijE
[20:32:53] Modify product: Uncharacterized protease YdeA => putative protease YdeA
[20:32:53] Modify product: Uncharacterized protein YobA => putative protein YobA
[20:32:53] Modify product: Probable chaperone CsaA => putative chaperone CsaA
[20:32:53] Modify product: Uncharacterized protein YpjD => putative protein YpjD
[20:32:53] Modify product: UPF0302 protein BA_1542/GBAA_1542/BAS1430 => hypothetical protein
[20:32:53] Modify product: 30S ribosomal protein S1 homolog => 30S ribosomal protein S1 
[20:32:53] Modify product: Uncharacterized protein YpfA => putative protein YpfA
[20:32:53] Modify product: Uncharacterized protein YpbG => putative protein YpbG
[20:32:53] Modify product: Uncharacterized protein YpuA => putative protein YpuA
[20:32:53] Modify product: Probable deoxyuridine 5'-triphosphate nucleotidohydrolase YncF => putative deoxyuridine 5'-triphosphate nucleotidohydrolase YncF
[20:32:53] Modify product: Uncharacterized protein YnzH => putative protein YnzH
[20:32:53] Modify product: Uncharacterized protein YncM => putative protein YncM
[20:32:53] Modify product: Uncharacterized protein YndB => putative protein YndB
[20:32:53] Modify product: UPF0714 protein YndL => hypothetical protein
[20:32:53] Modify product: Resolvase homolog YneB => Resolvase YneB
[20:32:53] Modify product: UPF0291 protein YnzC => hypothetical protein
[20:32:53] Modify product: UPF0154 protein SA1178 => hypothetical protein
[20:32:53] Modify product: Uncharacterized protein SA1186 => putative protein
[20:32:53] Modify product: Uncharacterized protein YccU => putative protein YccU
[20:32:53] Modify product: Uncharacterized protein YnfE => putative protein YnfE
[20:32:53] Modify product: Probable propionyl-CoA carboxylase beta chain 5 => putative propionyl-CoA carboxylase beta chain 5
[20:32:53] Modify product: Probable GTP-binding protein EngB => putative GTP-binding protein EngB
[20:32:53] Modify product: Uncharacterized N-acetyltransferase YsnE => putative N-acetyltransferase YsnE
[20:32:54] Modify product: UPF0714 protein YndL => hypothetical protein
[20:32:54] Modify product: Putative metallophosphoesterase MG207 homolog => Putative metallophosphoesterase MG207 
[20:32:54] Modify product: Uncharacterized HTH-type transcriptional regulator YusO => putative HTH-type transcriptional regulator YusO
[20:32:54] Modify product: Uncharacterized protein YslB => putative protein YslB
[20:32:54] Modify product: Probable glycine dehydrogenase (decarboxylating) subunit 2 => putative glycine dehydrogenase (decarboxylating) subunit 2
[20:32:54] Modify product: Probable glycine dehydrogenase (decarboxylating) subunit 1 => putative glycine dehydrogenase (decarboxylating) subunit 1
[20:32:54] Modify product: Uncharacterized protein YqzG => putative protein YqzG
[20:32:54] Modify product: UPF0053 protein Rv1842c => hypothetical protein
[20:32:54] Modify product: Probable metallo-hydrolase M6_Spy0554 => putative metallo-hydrolase
[20:32:54] Modify product: Uncharacterized protein YqgQ => putative protein YqgQ
[20:32:54] Modify product: Uncharacterized protein YqgN => putative protein YqgN
[20:32:54] Modify product: Nucleotidase CA_C3379 => Nucleotidase
[20:32:54] Modify product: Probable endonuclease 4 => putative endonuclease 4
[20:32:54] Modify product: GTP cyclohydrolase 1 type 2 homolog => GTP cyclohydrolase 1 type 2 
[20:32:54] Modify product: UPF0178 protein YaiI => hypothetical protein
[20:32:54] Modify product: UPF0365 protein SA1402 => hypothetical protein
[20:32:54] Modify product: Uncharacterized protein YqeY => putative protein YqeY
[20:32:54] Modify product: Uncharacterized protein YqeN => putative protein YqeN
[20:32:54] Modify product: RNA-binding protein HI_1333 => RNA-binding protein
[20:32:54] Modify product: Probable N-acetyl-alpha-D-glucosaminyl L-malate deacetylase 2 => putative N-acetyl-alpha-D-glucosaminyl L-malate deacetylase 2
[20:32:54] Modify product: Uncharacterized protein YojF => putative protein YojF
[20:32:54] Modify product: Uncharacterized symporter YodF => putative symporter YodF
[20:32:54] Modify product: UPF0346 protein YozE => hypothetical protein
[20:32:54] Modify product: Probable succinyl-CoA:3-ketoacid coenzyme A transferase subunit B => putative succinyl-CoA:3-ketoacid coenzyme A transferase subunit B
[20:32:54] Modify product: SCO1 protein homolog => SCO1 protein 
[20:32:54] Modify product: UPF0073 inner membrane protein YqfA => hypothetical protein
[20:32:54] Modify product: Uncharacterized protein YpjQ => putative protein YpjQ
[20:32:54] Modify product: UPF0403 protein YphP => hypothetical protein
[20:32:54] Modify product: Uncharacterized protein YedJ => putative protein YedJ
[20:32:54] Modify product: Probable ATP-dependent helicase DinG homolog => putative ATP-dependent helicase DinG 
[20:32:54] Modify product: UPF0398 protein YpsA => hypothetical protein
[20:32:54] Modify product: Uncharacterized protein YppE => putative protein YppE
[20:32:54] Modify product: Uncharacterized protein YpoC => putative protein YpoC
[20:32:54] Modify product: Uncharacterized protein YpmB => putative protein YpmB
[20:32:54] Modify product: Uncharacterized protein YqjZ => putative protein YqjZ
[20:32:54] Modify product: Uncharacterized protein YqjY => putative protein YqjY
[20:32:54] Modify product: Uncharacterized oxidoreductase SA2266 => putative oxidoreductase
[20:32:54] Modify product: UPF0403 protein SA1345 => hypothetical protein
[20:32:54] Modify product: Probable 3-hydroxybutyryl-CoA dehydrogenase => putative 3-hydroxybutyryl-CoA dehydrogenase
[20:32:54] Modify product: Uncharacterized oxidoreductase SpyM50865 => putative oxidoreductase
[20:32:54] Modify product: Bifunctional protein FolD => Bifunctional protein FolD protein
[20:32:54] Modify product: Probable N-acetyl-LL-diaminopimelate aminotransferase => putative N-acetyl-LL-diaminopimelate aminotransferase
[20:32:54] Modify product: Probable 2,4-dienoyl-CoA reductase => putative 2,4-dienoyl-CoA reductase
[20:32:54] Modify product: Uncharacterized EAL-domain containing protein YkuI => putative EAL-domain containing protein YkuI
[20:32:54] Modify product: Uncharacterized protein YkuJ => putative protein YkuJ
[20:32:54] Modify product: Uncharacterized protein YkzF => putative protein YkzF
[20:32:54] Modify product: Uncharacterized MscS family protein YkuT => putative MscS family protein YkuT
[20:32:54] Modify product: Probable molybdenum cofactor guanylyltransferase => putative molybdenum cofactor guanylyltransferase
[20:32:54] Modify product: Putative multidrug export ATP-binding/permease protein SAV1866 => Putative multidrug export ATP-binding/permease protein
[20:32:54] Modify product: Uncharacterized ABC transporter ATP-binding protein TM_0288 => putative ABC transporter ATP-binding protein
[20:32:54] Modify product: Uncharacterized ABC transporter ATP-binding protein YknY => putative ABC transporter ATP-binding protein YknY
[20:32:54] Modify product: Uncharacterized ABC transporter permease YknZ => putative ABC transporter permease YknZ
[20:32:54] Modify product: Uncharacterized ABC transporter ATP-binding protein YbiT => putative ABC transporter ATP-binding protein YbiT
[20:32:54] Modify product: UPF0356 protein M6_Spy1605 => hypothetical protein
[20:32:54] Modify product: UPF0223 protein BH2638 => hypothetical protein
[20:32:54] Modify product: UPF0637 protein YktB => hypothetical protein
[20:32:54] Modify product: UPF0358 protein YlaN => hypothetical protein
[20:32:54] Modify product: Probable peptidoglycan glycosyltransferase FtsW => putative peptidoglycan glycosyltransferase FtsW
[20:32:54] Modify product: Uncharacterized glycosyltransferase sll0501 => putative glycosyltransferase
[20:32:54] Modify product: Probable murein peptide carboxypeptidase => putative murein peptide carboxypeptidase
[20:32:54] Modify product: Acetyltransferase PA3944 => Acetyltransferase
[20:32:54] Modify product: Probable guanidinium efflux system subunit GdnC => putative guanidinium efflux system subunit GdnC
[20:32:54] Modify product: Probable guanidinium efflux system subunit GdnD => putative guanidinium efflux system subunit GdnD
[20:32:54] Modify product: Uncharacterized protein YkoJ => putative protein YkoJ
[20:32:54] Modify product: Uncharacterized protein YpbG => putative protein YpbG
[20:32:54] Modify product: Uncharacterized glycosyltransferase YkoT => putative glycosyltransferase YkoT
[20:32:55] Modify product: Uncharacterized HTH-type transcriptional regulator YtcD => putative HTH-type transcriptional regulator YtcD
[20:32:55] Modify product: Uncharacterized protein YkvR => putative protein YkvR
[20:32:55] Modify product: Uncharacterized protein YkvT => putative protein YkvT
[20:32:55] Modify product: Uncharacterized peptidase SA1530 => putative peptidase
[20:32:55] Modify product: Putative formate dehydrogenase SA2102 => Putative formate dehydrogenase
[20:32:55] Modify product: Uncharacterized methyltransferase YrrT => putative methyltransferase YrrT
[20:32:55] Modify product: 23S rRNA 5-hydroxycytidine C2501 synthase => 23S rRNA 5-hydroxycytidine synthase
[20:32:55] Modify product: UPF0473 protein SP_0194 => hypothetical protein
[20:32:55] Modify product: UPF0297 protein EF_1202 => hypothetical protein
[20:32:55] Modify product: Putative transport protein Rv0205 => Putative transport protein
[20:32:55] Modify product: Probable glutamine ABC transporter permease protein GlnM => putative glutamine ABC transporter permease protein GlnM
[20:32:55] Modify product: Probable glutamine ABC transporter permease protein GlnP => putative glutamine ABC transporter permease protein GlnP
[20:32:55] Modify product: Uncharacterized AAA domain-containing protein Rv2559c => putative AAA domain-containing protein
[20:32:55] Modify product: UPF0702 transmembrane protein YetF => hypothetical protein
[20:32:55] Modify product: Probable transcriptional regulatory protein MSMEG_2940/MSMEI_2866 => putative transcriptional regulatory protein/MSMEI_2866
[20:32:55] Modify product: Probable transcriptional regulatory protein YebC => putative transcriptional regulatory protein YebC
[20:32:55] Modify product: Probable nicotinate-nucleotide pyrophosphorylase [carboxylating] => putative nicotinate-nucleotide pyrophosphorylase [carboxylating]
[20:32:55] Modify product: UPF0758 protein YsxA => hypothetical protein
[20:32:55] Modify product: Probable enoyl-CoA hydratase => putative enoyl-CoA hydratase
[20:32:55] Modify product: Uncharacterized FAD-linked oxidoreductase Rv2280 => putative FAD-linked oxidoreductase
[20:32:55] Modify product: Probable arabinose-binding protein => putative arabinose-binding protein
[20:32:55] Modify product: Uncharacterized HTH-type transcriptional regulator YtcD => putative HTH-type transcriptional regulator YtcD
[20:32:55] Modify product: Uncharacterized oxidoreductase YtbE => putative oxidoreductase YtbE
[20:32:55] Modify product: Uncharacterized oxidoreductase YtbE => putative oxidoreductase YtbE
[20:32:55] Modify product: Probable sporulation protein YtaF => putative sporulation protein YtaF
[20:32:55] Modify product: UPF0173 metal-dependent hydrolase SA1529 => hypothetical protein
[20:32:55] Modify product: Uncharacterized spore protein YtfJ => putative spore protein YtfJ
[20:32:55] Modify product: Probable tRNA sulfurtransferase => putative tRNA sulfurtransferase
[20:32:55] Modify product: Probable HTH-type transcriptional regulator YttP => putative HTH-type transcriptional regulator YttP
[20:32:55] Modify product: UPF0354 protein SA1564 => hypothetical protein
[20:32:55] Modify product: Probable NAD-dependent malic enzyme 2 => putative NAD-dependent malic enzyme 2
[20:32:55] Modify product: Probable quorum-quenching lactonase YtnP => putative quorum-quenching lactonase YtnP
[20:32:55] Modify product: Putative dipeptidase SA1572 => Putative dipeptidase
[20:32:55] Modify product: Uncharacterized HTH-type transcriptional regulator YtzE => putative HTH-type transcriptional regulator YtzE
[20:32:55] Modify product: Uncharacterized multiple-sugar transport system permease YteP => putative multiple-sugar transport system permease YteP
[20:32:55] Modify product: Sulfurtransferase Alvin_2599 => Sulfurtransferase
[20:32:55] Modify product: Uncharacterized membrane protein YttA => putative membrane protein YttA
[20:32:55] Modify product: Probable ABC transporter permease YtrD => putative ABC transporter permease YtrD
[20:32:55] Modify product: Probable ABC transporter permease YtrC => putative ABC transporter permease YtrC
[20:32:55] Modify product: Uncharacterized protein YtmB => putative protein YtmB
[20:32:55] Cleaned 427 /product names
[20:32:55] Deleting unwanted file: GCA_050908195.1_ASM5090819v1_genomic/GCA_050908195.1_ASM5090819v1_genomic.sprot.tmp.2190752.faa
[20:32:55] Deleting unwanted file: GCA_050908195.1_ASM5090819v1_genomic/GCA_050908195.1_ASM5090819v1_genomic.sprot.tmp.2190752.blast
[20:32:57] There are still 1387 unannotated CDS left (started with 4131)
[20:32:57] Will use hmmer3 to search against /home/datnguyen/anaconda3/envs/prokka/db/hmm/HAMAP.hmm with 20 CPUs
[20:32:57] Running: cat GCA_050908195\.1_ASM5090819v1_genomic\/GCA_050908195\.1_ASM5090819v1_genomic\.HAMAP\.hmm\.tmp\.2190752\.faa | parallel --gnu --plain -j 20 --block 7602 --recstart '>' --pipe hmmscan --noali --notextw --acc -E 1e-09 --cpu 1 /home/datnguyen/anaconda3/envs/prokka/db/hmm/HAMAP.hmm /dev/stdin > GCA_050908195\.1_ASM5090819v1_genomic\/GCA_050908195\.1_ASM5090819v1_genomic\.HAMAP\.hmm\.tmp\.2190752\.hmmer3 2> /dev/null
[20:33:04] Modify product: Uncharacterized MFS-type transporter YcaD => putative MFS-type transporter YcaD
[20:33:04] Modify product: Protein SprT-like => Protein SprT-like protein
[20:33:04] Modify product: Uncharacterized MFS-type transporter YfcJ => putative MFS-type transporter YfcJ
[20:33:05] Cleaned 3 /product names
[20:33:05] Deleting unwanted file: GCA_050908195.1_ASM5090819v1_genomic/GCA_050908195.1_ASM5090819v1_genomic.HAMAP.hmm.tmp.2190752.faa
[20:33:05] Deleting unwanted file: GCA_050908195.1_ASM5090819v1_genomic/GCA_050908195.1_ASM5090819v1_genomic.HAMAP.hmm.tmp.2190752.hmmer3
[20:33:05] Labelling remaining 1270 proteins as 'hypothetical protein'
[20:33:05] Possible /pseudo 'Methyl-accepting chemotaxis protein McpA' at NZ_CP194217.1 position 35396
[20:33:05] Possible /pseudo 'Long-chain-alcohol dehydrogenase 2' at NZ_CP194217.1 position 50586
[20:33:05] Possible /pseudo 'Alanine dehydrogenase' at NZ_CP194217.1 position 106328
[20:33:05] Possible /pseudo 'Dimodular nonribosomal peptide synthase' at NZ_CP194217.1 position 112994
[20:33:05] Possible /pseudo 'HTH-type transcriptional repressor RghR' at NZ_CP194217.1 position 287776
[20:33:05] Possible /pseudo 'Guanidinium exporter' at NZ_CP194217.1 position 379776
[20:33:05] Possible /pseudo 'Teichoic acid poly(glycerol phosphate) polymerase' at NZ_CP194217.1 position 518188
[20:33:05] Possible /pseudo 'Flagellar basal-body rod protein FlgG' at NZ_CP194217.1 position 596593
[20:33:05] Possible /pseudo 'Acyl-CoA dehydrogenase' at NZ_CP194217.1 position 664327
[20:33:05] Possible /pseudo 'putative protein YwhK' at NZ_CP194217.1 position 694769
[20:33:05] Possible /pseudo 'Aminopeptidase YwaD' at NZ_CP194217.1 position 798924
[20:33:05] Possible /pseudo '5-methyltetrahydropteroyltriglutamate--homocysteine methyltransferase' at NZ_CP194217.1 position 850655
[20:33:05] Possible /pseudo 'Histidine ammonia-lyase' at NZ_CP194217.1 position 896372
[20:33:05] Possible /pseudo 'General stress protein 16U' at NZ_CP194217.1 position 1370626
[20:33:05] Possible /pseudo 'putative manganese catalase' at NZ_CP194217.1 position 1676361
[20:33:05] Possible /pseudo 'putative ABC transporter ATP-binding protein' at NZ_CP194217.1 position 1923330
[20:33:05] Possible /pseudo 'Alkanesulfonate monooxygenase' at NZ_CP194217.1 position 1986235
[20:33:05] Possible /pseudo 'Putative fluoride ion transporter CrcB' at NZ_CP194217.1 position 2060520
[20:33:05] Possible /pseudo 'Long-chain-fatty-acid--CoA ligase' at NZ_CP194217.1 position 2125317
[20:33:05] Possible /pseudo 'Glucose-6-phosphate 3-dehydrogenase' at NZ_CP194217.1 position 2150910
[20:33:05] Possible /pseudo 'putative oxidoreductase YjmC' at NZ_CP194217.1 position 2326730
[20:33:05] Possible /pseudo 'Processive diacylglycerol beta-glucosyltransferase' at NZ_CP194217.1 position 2423716
[20:33:05] Possible /pseudo 'Methylthioribose-1-phosphate isomerase' at NZ_CP194217.1 position 2446853
[20:33:05] Possible /pseudo 'putative protein' at NZ_CP194217.1 position 2676393
[20:33:05] Possible /pseudo 'Chromosome partition protein Smc' at NZ_CP194217.1 position 2687725
[20:33:05] Possible /pseudo 'Chromosome partition protein Smc' at NZ_CP194217.1 position 2688984
[20:33:05] Possible /pseudo 'Chromosome partition protein Smc' at NZ_CP194217.1 position 2689424
[20:33:05] Possible /pseudo 'Dipicolinate synthase subunit B' at NZ_CP194217.1 position 2765499
[20:33:05] Possible /pseudo 'Multidrug-efflux transporter 1 regulator' at NZ_CP194217.1 position 3426252
[20:33:05] Possible /pseudo 'Phosphate import ATP-binding protein PstB 3' at NZ_CP194217.1 position 3510671
[20:33:05] Possible /pseudo 'Response regulator aspartate phosphatase A' at NZ_CP194217.1 position 3590756
[20:33:05] Possible /pseudo 'N-acetylmuramoyl-L-alanine amidase CwlA' at NZ_CP194217.1 position 3607160
[20:33:05] Possible /pseudo 'Glutamate racemase 2' at NZ_CP194217.1 position 3651535
[20:33:05] Possible /pseudo 'dITP/XTP pyrophosphatase' at NZ_CP194217.1 position 3882098
[20:33:05] Possible /pseudo 'putative oxidoreductase YtbE' at NZ_CP194217.1 position 3951893
[20:33:05] Possible /pseudo 'Acetyl-coenzyme A carboxylase carboxyl transferase subunit alpha' at NZ_CP194217.1 position 3969370
[20:33:05] Possible /pseudo 'Biotin biosynthesis cytochrome P450' at NZ_CP194217.1 position 4060109
[20:33:05] Found 2340 unique /gene codes.
[20:33:05] Fixed 2 duplicate /gene - yteP_1 yteP_2
[20:33:05] Fixed 2 duplicate /gene - yfiZ_1 yfiZ_2
[20:33:05] Fixed 2 duplicate /gene - ktrB_1 ktrB_2
[20:33:05] Fixed 2 duplicate /gene - yodC_1 yodC_2
[20:33:05] Fixed 2 duplicate /gene - yesV_1 yesV_2
[20:33:05] Fixed 3 duplicate /gene - metE_1 metE_2 metE_3
[20:33:05] Fixed 3 duplicate /gene - ybiT_1 ybiT_2 ybiT_3
[20:33:05] Fixed 2 duplicate /gene - ssuD_1 ssuD_2
[20:33:05] Fixed 2 duplicate /gene - fosB_1 fosB_2
[20:33:05] Fixed 2 duplicate /gene - malG_1 malG_2
[20:33:05] Fixed 2 duplicate /gene - mntH_1 mntH_2
[20:33:05] Fixed 2 duplicate /gene - arnB_1 arnB_2
[20:33:05] Fixed 2 duplicate /gene - ltaS2_1 ltaS2_2
[20:33:05] Fixed 2 duplicate /gene - yxdM_1 yxdM_2
[20:33:05] Fixed 2 duplicate /gene - lysC_1 lysC_2
[20:33:05] Fixed 3 duplicate /gene - ymfD_1 ymfD_2 ymfD_3
[20:33:05] Fixed 2 duplicate /gene - gutB_1 gutB_2
[20:33:05] Fixed 2 duplicate /gene - ppaX_1 ppaX_2
[20:33:05] Fixed 2 duplicate /gene - cysH_1 cysH_2
[20:33:05] Fixed 2 duplicate /gene - tuaD_1 tuaD_2
[20:33:05] Fixed 2 duplicate /gene - dnaA_1 dnaA_2
[20:33:05] Fixed 2 duplicate /gene - cycA_1 cycA_2
[20:33:05] Fixed 3 duplicate /gene - graR_1 graR_2 graR_3
[20:33:05] Fixed 2 duplicate /gene - ywqC_1 ywqC_2
[20:33:05] Fixed 2 duplicate /gene - yobL_1 yobL_2
[20:33:05] Fixed 3 duplicate /gene - ywaD_1 ywaD_2 ywaD_3
[20:33:05] Fixed 2 duplicate /gene - carB_1 carB_2
[20:33:05] Fixed 3 duplicate /gene - ydaD_1 ydaD_2 ydaD_3
[20:33:05] Fixed 2 duplicate /gene - bacC_1 bacC_2
[20:33:05] Fixed 2 duplicate /gene - ccpB_1 ccpB_2
[20:33:05] Fixed 2 duplicate /gene - licC_1 licC_2
[20:33:05] Fixed 2 duplicate /gene - iscS_1 iscS_2
[20:33:05] Fixed 2 duplicate /gene - dapX_1 dapX_2
[20:33:05] Fixed 4 duplicate /gene - xerC_1 xerC_2 xerC_3 xerC_4
[20:33:05] Fixed 2 duplicate /gene - bdhA_1 bdhA_2
[20:33:05] Fixed 2 duplicate /gene - adhA_1 adhA_2
[20:33:05] Fixed 2 duplicate /gene - yodB_1 yodB_2
[20:33:05] Fixed 2 duplicate /gene - cotSA_1 cotSA_2
[20:33:05] Fixed 2 duplicate /gene - cdaR_1 cdaR_2
[20:33:05] Fixed 2 duplicate /gene - epsF_1 epsF_2
[20:33:05] Fixed 2 duplicate /gene - emrB_1 emrB_2
[20:33:05] Fixed 2 duplicate /gene - polA_1 polA_2
[20:33:05] Fixed 2 duplicate /gene - bacF_1 bacF_2
[20:33:05] Fixed 3 duplicate /gene - iolS_1 iolS_2 iolS_3
[20:33:05] Fixed 2 duplicate /gene - ahpC_1 ahpC_2
[20:33:05] Fixed 2 duplicate /gene - hrp1_1 hrp1_2
[20:33:05] Fixed 3 duplicate /gene - pdhC_1 pdhC_2 pdhC_3
[20:33:05] Fixed 2 duplicate /gene - rocB_1 rocB_2
[20:33:05] Fixed 2 duplicate /gene - IMPDH_1 IMPDH_2
[20:33:05] Fixed 2 duplicate /gene - bshB1_1 bshB1_2
[20:33:05] Fixed 5 duplicate /gene - walR_1 walR_2 walR_3 walR_4 walR_5
[20:33:05] Fixed 2 duplicate /gene - dhbF_1 dhbF_2
[20:33:05] Fixed 2 duplicate /gene - lutR_1 lutR_2
[20:33:05] Fixed 2 duplicate /gene - oleD_1 oleD_2
[20:33:05] Fixed 2 duplicate /gene - mhqR_1 mhqR_2
[20:33:05] Fixed 3 duplicate /gene - lcfB_1 lcfB_2 lcfB_3
[20:33:05] Fixed 2 duplicate /gene - xylP_1 xylP_2
[20:33:05] Fixed 3 duplicate /gene - rocC_1 rocC_2 rocC_3
[20:33:05] Fixed 2 duplicate /gene - lutA_1 lutA_2
[20:33:05] Fixed 3 duplicate /gene - iolG_1 iolG_2 iolG_3
[20:33:05] Fixed 4 duplicate /gene - gabR_1 gabR_2 gabR_3 gabR_4
[20:33:05] Fixed 2 duplicate /gene - norG_1 norG_2
[20:33:05] Fixed 2 duplicate /gene - lipO_1 lipO_2
[20:33:05] Fixed 2 duplicate /gene - sigV_1 sigV_2
[20:33:05] Fixed 2 duplicate /gene - yodF_1 yodF_2
[20:33:05] Fixed 2 duplicate /gene - srrA_1 srrA_2
[20:33:05] Fixed 2 duplicate /gene - ntdC_1 ntdC_2
[20:33:05] Fixed 8 duplicate /gene - rapA_1 rapA_2 rapA_3 rapA_4 rapA_5 rapA_6 rapA_7 rapA_8
[20:33:05] Fixed 2 duplicate /gene - sat_1 sat_2
[20:33:05] Fixed 2 duplicate /gene - malP_1 malP_2
[20:33:05] Fixed 2 duplicate /gene - pucK_1 pucK_2
[20:33:05] Fixed 3 duplicate /gene - ydjZ_1 ydjZ_2 ydjZ_3
[20:33:05] Fixed 2 duplicate /gene - rhaR_1 rhaR_2
[20:33:05] Fixed 2 duplicate /gene - pepF1_1 pepF1_2
[20:33:05] Fixed 3 duplicate /gene - yjcF_1 yjcF_2 yjcF_3
[20:33:05] Fixed 3 duplicate /gene - gerBA_1 gerBA_2 gerBA_3
[20:33:05] Fixed 2 duplicate /gene - pstB3_1 pstB3_2
[20:33:05] Fixed 2 duplicate /gene - rlmCD_1 rlmCD_2
[20:33:05] Fixed 2 duplicate /gene - corA_1 corA_2
[20:33:05] Fixed 2 duplicate /gene - dapH_1 dapH_2
[20:33:05] Fixed 2 duplicate /gene - yhdG_1 yhdG_2
[20:33:05] Fixed 2 duplicate /gene - gntT_1 gntT_2
[20:33:05] Fixed 2 duplicate /gene - yobK_1 yobK_2
[20:33:05] Fixed 2 duplicate /gene - mcpB_1 mcpB_2
[20:33:05] Fixed 2 duplicate /gene - nrdI_1 nrdI_2
[20:33:05] Fixed 2 duplicate /gene - brnQ_1 brnQ_2
[20:33:05] Fixed 2 duplicate /gene - cpdA_1 cpdA_2
[20:33:05] Fixed 3 duplicate /gene - rhaS_1 rhaS_2 rhaS_3
[20:33:05] Fixed 2 duplicate /gene - queE_1 queE_2
[20:33:05] Fixed 2 duplicate /gene - acdA_1 acdA_2
[20:33:05] Fixed 2 duplicate /gene - csoR_1 csoR_2
[20:33:05] Fixed 2 duplicate /gene - yycN_1 yycN_2
[20:33:05] Fixed 2 duplicate /gene - msmX_1 msmX_2
[20:33:05] Fixed 2 duplicate /gene - ribZ_1 ribZ_2
[20:33:05] Fixed 2 duplicate /gene - norR_1 norR_2
[20:33:05] Fixed 2 duplicate /gene - nrdF_1 nrdF_2
[20:33:05] Fixed 3 duplicate /gene - gltR_1 gltR_2 gltR_3
[20:33:05] Fixed 2 duplicate /gene - lipC_1 lipC_2
[20:33:05] Fixed 2 duplicate /gene - tadA_1 tadA_2
[20:33:05] Fixed 2 duplicate /gene - scmP_1 scmP_2
[20:33:05] Fixed 2 duplicate /gene - ytcD_1 ytcD_2
[20:33:05] Fixed 2 duplicate /gene - bioI_1 bioI_2
[20:33:05] Fixed 3 duplicate /gene - cheB_1 cheB_2 cheB_3
[20:33:05] Fixed 2 duplicate /gene - mdrP_1 mdrP_2
[20:33:05] Fixed 3 duplicate /gene - glpQ_1 glpQ_2 glpQ_3
[20:33:05] Fixed 2 duplicate /gene - pnp_1 pnp_2
[20:33:05] Fixed 3 duplicate /gene - flgG_1 flgG_2 flgG_3
[20:33:05] Fixed 2 duplicate /gene - hcaB_1 hcaB_2
[20:33:05] Fixed 2 duplicate /gene - lrpC_1 lrpC_2
[20:33:05] Fixed 2 duplicate /gene - mltG_1 mltG_2
[20:33:05] Fixed 2 duplicate /gene - metQ_1 metQ_2
[20:33:05] Fixed 2 duplicate /gene - ypjQ_1 ypjQ_2
[20:33:05] Fixed 2 duplicate /gene - motB_1 motB_2
[20:33:05] Fixed 3 duplicate /gene - yusV_1 yusV_2 yusV_3
[20:33:05] Fixed 2 duplicate /gene - gerPF_1 gerPF_2
[20:33:05] Fixed 2 duplicate /gene - tusA_1 tusA_2
[20:33:05] Fixed 2 duplicate /gene - ytbE_1 ytbE_2
[20:33:05] Fixed 2 duplicate /gene - ald_1 ald_2
[20:33:05] Fixed 2 duplicate /gene - ypbG_1 ypbG_2
[20:33:05] Fixed 2 duplicate /gene - rghR_1 rghR_2
[20:33:05] Fixed 2 duplicate /gene - tagF_1 tagF_2
[20:33:05] Fixed 2 duplicate /gene - graS_1 graS_2
[20:33:05] Fixed 2 duplicate /gene - dinG_1 dinG_2
[20:33:05] Fixed 3 duplicate /gene - opcR_1 opcR_2 opcR_3
[20:33:05] Fixed 2 duplicate /gene - yocH_1 yocH_2
[20:33:05] Fixed 4 duplicate /gene - htpX_1 htpX_2 htpX_3 htpX_4
[20:33:05] Fixed 2 duplicate /gene - nrdE_1 nrdE_2
[20:33:05] Fixed 2 duplicate /gene - ftsW_1 ftsW_2
[20:33:05] Fixed 2 duplicate /gene - putR_1 putR_2
[20:33:05] Fixed 2 duplicate /gene - ytrA_1 ytrA_2
[20:33:05] Fixed 2 duplicate /gene - lacR_1 lacR_2
[20:33:05] Fixed 2 duplicate /gene - thiO_1 thiO_2
[20:33:05] Fixed 2 duplicate /gene - murG_1 murG_2
[20:33:05] Fixed 2 duplicate /gene - yxdL_1 yxdL_2
[20:33:05] Fixed 4 duplicate /gene - iolT_1 iolT_2 iolT_3 iolT_4
[20:33:05] Fixed 2 duplicate /gene - nudF_1 nudF_2
[20:33:05] Fixed 2 duplicate /gene - ydhD_1 ydhD_2
[20:33:05] Fixed 2 duplicate /gene - pomA_1 pomA_2
[20:33:05] Fixed 2 duplicate /gene - yncM_1 yncM_2
[20:33:05] Fixed 2 duplicate /gene - yesS_1 yesS_2
[20:33:05] Fixed 2 duplicate /gene - ydhP_1 ydhP_2
[20:33:05] Fixed 3 duplicate /gene - oppD_1 oppD_2 oppD_3
[20:33:05] Fixed 2 duplicate /gene - desK_1 desK_2
[20:33:05] Fixed 2 duplicate /gene - pbpH_1 pbpH_2
[20:33:05] Fixed 2 duplicate /gene - feuB_1 feuB_2
[20:33:05] Fixed 3 duplicate /gene - bmr3_1 bmr3_2 bmr3_3
[20:33:05] Fixed 2 duplicate /gene - cotH_1 cotH_2
[20:33:05] Fixed 6 duplicate /gene - sasA_1 sasA_2 sasA_3 sasA_4 sasA_5 sasA_6
[20:33:05] Fixed 2 duplicate /gene - panS_1 panS_2
[20:33:05] Fixed 5 duplicate /gene - pbuE_1 pbuE_2 pbuE_3 pbuE_4 pbuE_5
[20:33:05] Fixed 5 duplicate /gene - smc_1 smc_2 smc_3 smc_4 smc_5
[20:33:05] Fixed 2 duplicate /gene - pta_1 pta_2
[20:33:05] Fixed 2 duplicate /gene - yflH_1 yflH_2
[20:33:05] Fixed 2 duplicate /gene - sacY_1 sacY_2
[20:33:05] Fixed 2 duplicate /gene - accA_1 accA_2
[20:33:05] Fixed 3 duplicate /gene - cmpR_1 cmpR_2 cmpR_3
[20:33:05] Fixed 2 duplicate /gene - hxlR_1 hxlR_2
[20:33:05] Fixed 2 duplicate /gene - rsfA_1 rsfA_2
[20:33:05] Fixed 2 duplicate /gene - des_1 des_2
[20:33:05] Fixed 2 duplicate /gene - yknX_1 yknX_2
[20:33:05] Fixed 2 duplicate /gene - adh2_1 adh2_2
[20:33:05] Fixed 3 duplicate /gene - alsT_1 alsT_2 alsT_3
[20:33:05] Fixed 2 duplicate /gene - acsA_1 acsA_2
[20:33:05] Fixed 2 duplicate /gene - polC_1 polC_2
[20:33:05] Fixed 2 duplicate /gene - nucB_1 nucB_2
[20:33:05] Fixed 2 duplicate /gene - csbC_1 csbC_2
[20:33:05] Fixed 2 duplicate /gene - ppiB_1 ppiB_2
[20:33:05] Fixed 2 duplicate /gene - ylmB_1 ylmB_2
[20:33:05] Fixed 2 duplicate /gene - speA_1 speA_2
[20:33:05] Fixed 3 duplicate /gene - gerBC_1 gerBC_2 gerBC_3
[20:33:05] Fixed 3 duplicate /gene - btuD_1 btuD_2 btuD_3
[20:33:05] Fixed 2 duplicate /gene - liaR_1 liaR_2
[20:33:05] Fixed 2 duplicate /gene - feuC_1 feuC_2
[20:33:05] Fixed 2 duplicate /gene - desR_1 desR_2
[20:33:05] Fixed 2 duplicate /gene - dksA_1 dksA_2
[20:33:05] Fixed 2 duplicate /gene - mneS_1 mneS_2
[20:33:05] Fixed 2 duplicate /gene - priA_1 priA_2
[20:33:05] Fixed 4 duplicate /gene - araQ_1 araQ_2 araQ_3 araQ_4
[20:33:05] Fixed 2 duplicate /gene - ynfM_1 ynfM_2
[20:33:05] Fixed 2 duplicate /gene - petC_1 petC_2
[20:33:05] Fixed 2 duplicate /gene - dppB_1 dppB_2
[20:33:05] Fixed 2 duplicate /gene - yofA_1 yofA_2
[20:33:05] Fixed 2 duplicate /gene - lytC_1 lytC_2
[20:33:05] Fixed 2 duplicate /gene - htrB_1 htrB_2
[20:33:05] Fixed 3 duplicate /gene - dbpA_1 dbpA_2 dbpA_3
[20:33:05] Fixed 2 duplicate /gene - tetA_1 tetA_2
[20:33:05] Fixed 2 duplicate /gene - gdx_1 gdx_2
[20:33:05] Fixed 2 duplicate /gene - khtT_1 khtT_2
[20:33:05] Fixed 2 duplicate /gene - fabZ_1 fabZ_2
[20:33:05] Fixed 3 duplicate /gene - yusO_1 yusO_2 yusO_3
[20:33:05] Fixed 2 duplicate /gene - cimH_1 cimH_2
[20:33:05] Fixed 2 duplicate /gene - ktrA_1 ktrA_2
[20:33:05] Fixed 3 duplicate /gene - ugtP_1 ugtP_2 ugtP_3
[20:33:05] Fixed 2 duplicate /gene - tagU_1 tagU_2
[20:33:05] Fixed 2 duplicate /gene - ybaK_1 ybaK_2
[20:33:05] Fixed 2 duplicate /gene - cysL_1 cysL_2
[20:33:05] Fixed 2 duplicate /gene - carA_1 carA_2
[20:33:05] Fixed 3 duplicate /gene - oppF_1 oppF_2 oppF_3
[20:33:05] Fixed 2 duplicate /gene - yceD_1 yceD_2
[20:33:05] Fixed 3 duplicate /gene - rapF_1 rapF_2 rapF_3
[20:33:05] Fixed 2 duplicate /gene - yxaF_1 yxaF_2
[20:33:05] Fixed 3 duplicate /gene - COQ5_1 COQ5_2 COQ5_3
[20:33:05] Fixed 2 duplicate /gene - dcuS_1 dcuS_2
[20:33:05] Fixed 2 duplicate /gene - mdtG_1 mdtG_2
[20:33:05] Fixed 2 duplicate /gene - srlR_1 srlR_2
[20:33:05] Fixed 2 duplicate /gene - citN_1 citN_2
[20:33:05] Fixed 2 duplicate /gene - scoB_1 scoB_2
[20:33:05] Fixed 2 duplicate /gene - purR_1 purR_2
[20:33:05] Fixed 2 duplicate /gene - ccpA_1 ccpA_2
[20:33:05] Fixed 2 duplicate /gene - epsH_1 epsH_2
[20:33:05] Fixed 2 duplicate /gene - yrpC_1 yrpC_2
[20:33:05] Fixed 2 duplicate /gene - crcB_1 crcB_2
[20:33:05] Fixed 2 duplicate /gene - hutH_1 hutH_2
[20:33:05] Fixed 2 duplicate /gene - nagR_1 nagR_2
[20:33:05] Fixed 2 duplicate /gene - csh_1 csh_2
[20:33:05] Fixed 2 duplicate /gene - dinB_1 dinB_2
[20:33:05] Fixed 2 duplicate /gene - cysC_1 cysC_2
[20:33:05] Fixed 2 duplicate /gene - flhB_1 flhB_2
[20:33:05] Fixed 2 duplicate /gene - dppC_1 dppC_2
[20:33:05] Fixed 2 duplicate /gene - rluD_1 rluD_2
[20:33:05] Fixed 2 duplicate /gene - clpP_1 clpP_2
[20:33:05] Fixed 2 duplicate /gene - dpaB_1 dpaB_2
[20:33:05] Fixed 2 duplicate /gene - dcuR_1 dcuR_2
[20:33:05] Fixed 2 duplicate /gene - ywrO_1 ywrO_2
[20:33:05] Fixed 2 duplicate /gene - yknY_1 yknY_2
[20:33:05] Fixed 2 duplicate /gene - xre_1 xre_2
[20:33:05] Fixed 3 duplicate /gene - ysdC_1 ysdC_2 ysdC_3
[20:33:05] Fixed 2 duplicate /gene - ywhK_1 ywhK_2
[20:33:05] Fixed 2 duplicate /gene - yvgN_1 yvgN_2
[20:33:05] Fixed 2 duplicate /gene - pksS_1 pksS_2
[20:33:05] Fixed 2 duplicate /gene - ldh_1 ldh_2
[20:33:05] Fixed 2 duplicate /gene - mgsR_1 mgsR_2
[20:33:05] Fixed 2 duplicate /gene - ydjM_1 ydjM_2
[20:33:05] Fixed 2 duplicate /gene - pepT_1 pepT_2
[20:33:05] Fixed 2 duplicate /gene - sigK_1 sigK_2
[20:33:05] Fixed 2 duplicate /gene - mtnA_1 mtnA_2
[20:33:05] Fixed 2 duplicate /gene - yjmC_1 yjmC_2
[20:33:05] Fixed 4 duplicate /gene - cwlA_1 cwlA_2 cwlA_3 cwlA_4
[20:33:05] Fixed 2 duplicate /gene - malL_1 malL_2
[20:33:05] Fixed 2 duplicate /gene - xylB_1 xylB_2
[20:33:05] Fixed 2 duplicate /gene - arsB_1 arsB_2
[20:33:05] Fixed 2 duplicate /gene - glnQ_1 glnQ_2
[20:33:05] Fixed 2 duplicate /gene - lnrK_1 lnrK_2
[20:33:05] Fixed 2 duplicate /gene - yeeF_1 yeeF_2
[20:33:05] Fixed 2 duplicate /gene - yndE_1 yndE_2
[20:33:05] Fixed 2 duplicate /gene - bceA_1 bceA_2
[20:33:05] Fixed 2 duplicate /gene - opuBA_1 opuBA_2
[20:33:05] Fixed 2 duplicate /gene - maeA_1 maeA_2
[20:33:05] Fixed 2 duplicate /gene - sacX_1 sacX_2
[20:33:05] Fixed 2 duplicate /gene - ecsA_1 ecsA_2
[20:33:05] Fixed 2 duplicate /gene - bmrR_1 bmrR_2
[20:33:05] Fixed 3 duplicate /gene - pdhD_1 pdhD_2 pdhD_3
[20:33:05] Fixed 2 duplicate /gene - bshA_1 bshA_2
[20:33:05] Fixed 2 duplicate /gene - bioY_1 bioY_2
[20:33:05] Fixed 2 duplicate /gene - ccsA_1 ccsA_2
[20:33:05] Fixed 2 duplicate /gene - rnmV_1 rnmV_2
[20:33:05] Fixed 2 duplicate /gene - mcpA_1 mcpA_2
[20:33:05] Fixed 2 duplicate /gene - resA_1 resA_2
[20:33:05] Fixed 2 duplicate /gene - murJ_1 murJ_2
[20:33:05] Fixed 3 duplicate /gene - bcrA_1 bcrA_2 bcrA_3
[20:33:05] Fixed 2 duplicate /gene - der_1 der_2
[20:33:05] Fixed 2 duplicate /gene - cheY_1 cheY_2
[20:33:05] Fixed 2 duplicate /gene - proB_1 proB_2
[20:33:05] Fixed 2 duplicate /gene - degA_1 degA_2
[20:33:05] Fixed 2 duplicate /gene - uvrC_1 uvrC_2
[20:33:05] Fixed 2 duplicate /gene - katA_1 katA_2
[20:33:05] Fixed 2 duplicate /gene - ltaS1_1 ltaS1_2
[20:33:05] Fixed 2 duplicate /gene - phoR_1 phoR_2
[20:33:05] Fixed 2 duplicate /gene - cysK_1 cysK_2
[20:33:05] Fixed 2 duplicate /gene - ssuC_1 ssuC_2
[20:33:05] Fixed 2 duplicate /gene - sigM_1 sigM_2
[20:33:05] Fixed 2 duplicate /gene - yveA_1 yveA_2
[20:33:05] Fixed 4 duplicate /gene - gloB_1 gloB_2 gloB_3 gloB_4
[20:33:05] Fixed 2 duplicate /gene - rsmH_1 rsmH_2
[20:33:05] Fixed 4 duplicate /gene - proC_1 proC_2 proC_3 proC_4
[20:33:05] Fixed 2 duplicate /gene - rcsC_1 rcsC_2
[20:33:05] Fixed 2 duplicate /gene - iolE_1 iolE_2
[20:33:05] Fixed 2 duplicate /gene - tatAy_1 tatAy_2
[20:33:05] Fixed 4 duplicate /gene - ydbD_1 ydbD_2 ydbD_3 ydbD_4
[20:33:05] Fixed 2 duplicate /gene - bm3R1_1 bm3R1_2
[20:33:05] Fixed 3 duplicate /gene - gtaB_1 gtaB_2 gtaB_3
[20:33:05] Fixed 5 duplicate /gene - fabG_1 fabG_2 fabG_3 fabG_4 fabG_5
[20:33:05] Fixed 3 duplicate /gene - gltC_1 gltC_2 gltC_3
[20:33:05] Fixed 2 duplicate /gene - yknZ_1 yknZ_2
[20:33:05] Fixed 2 duplicate /gene - lrp_1 lrp_2
[20:33:05] Fixed 285 colliding /gene names.
[20:33:05] Adding /locus_tag identifiers
[20:33:05] Assigned 4247 locus_tags to CDS and RNA features.
[20:33:05] Writing outputs to GCA_050908195.1_ASM5090819v1_genomic/
[20:33:12] Generating annotation statistics file
[20:33:12] Generating Genbank and Sequin files
[20:33:12] Running: tbl2asn -V b -a r10k -l paired-ends -M n -N 1 -y 'Annotated using prokka 1.14.6 from https://github.com/tseemann/prokka' -Z GCA_050908195\.1_ASM5090819v1_genomic\/GCA_050908195\.1_ASM5090819v1_genomic\.err -i GCA_050908195\.1_ASM5090819v1_genomic\/GCA_050908195\.1_ASM5090819v1_genomic\.fsa 2> /dev/null
[20:33:24] Deleting unwanted file: GCA_050908195.1_ASM5090819v1_genomic/errorsummary.val
[20:33:24] Deleting unwanted file: GCA_050908195.1_ASM5090819v1_genomic/GCA_050908195.1_ASM5090819v1_genomic.dr
[20:33:24] Deleting unwanted file: GCA_050908195.1_ASM5090819v1_genomic/GCA_050908195.1_ASM5090819v1_genomic.fixedproducts
[20:33:24] Deleting unwanted file: GCA_050908195.1_ASM5090819v1_genomic/GCA_050908195.1_ASM5090819v1_genomic.ecn
[20:33:24] Deleting unwanted file: GCA_050908195.1_ASM5090819v1_genomic/GCA_050908195.1_ASM5090819v1_genomic.val
[20:33:24] Repairing broken .GBK output that tbl2asn produces...
[20:33:24] Running: sed 's/COORDINATES: profile/COORDINATES:profile/' < GCA_050908195\.1_ASM5090819v1_genomic\/GCA_050908195\.1_ASM5090819v1_genomic\.gbf > GCA_050908195\.1_ASM5090819v1_genomic\/GCA_050908195\.1_ASM5090819v1_genomic\.gbk
[20:33:24] Deleting unwanted file: GCA_050908195.1_ASM5090819v1_genomic/GCA_050908195.1_ASM5090819v1_genomic.gbf
[20:33:24] Output files:
[20:33:24] GCA_050908195.1_ASM5090819v1_genomic/GCA_050908195.1_ASM5090819v1_genomic.faa
[20:33:24] GCA_050908195.1_ASM5090819v1_genomic/GCA_050908195.1_ASM5090819v1_genomic.err
[20:33:24] GCA_050908195.1_ASM5090819v1_genomic/GCA_050908195.1_ASM5090819v1_genomic.tbl
[20:33:24] GCA_050908195.1_ASM5090819v1_genomic/GCA_050908195.1_ASM5090819v1_genomic.gff
[20:33:24] GCA_050908195.1_ASM5090819v1_genomic/GCA_050908195.1_ASM5090819v1_genomic.tsv
[20:33:24] GCA_050908195.1_ASM5090819v1_genomic/GCA_050908195.1_ASM5090819v1_genomic.ffn
[20:33:24] GCA_050908195.1_ASM5090819v1_genomic/GCA_050908195.1_ASM5090819v1_genomic.txt
[20:33:24] GCA_050908195.1_ASM5090819v1_genomic/GCA_050908195.1_ASM5090819v1_genomic.fna
[20:33:24] GCA_050908195.1_ASM5090819v1_genomic/GCA_050908195.1_ASM5090819v1_genomic.gbk
[20:33:24] GCA_050908195.1_ASM5090819v1_genomic/GCA_050908195.1_ASM5090819v1_genomic.fsa
[20:33:24] GCA_050908195.1_ASM5090819v1_genomic/GCA_050908195.1_ASM5090819v1_genomic.log
[20:33:24] GCA_050908195.1_ASM5090819v1_genomic/GCA_050908195.1_ASM5090819v1_genomic.sqn
[20:33:24] Annotation finished successfully.
[20:33:24] Walltime used: 2.15 minutes
[20:33:24] If you use this result please cite the Prokka paper:
[20:33:24] Seemann T (2014) Prokka: rapid prokaryotic genome annotation. Bioinformatics. 30(14):2068-9.
[20:33:24] Type 'prokka --citation' for more details.
[20:33:24] Share and enjoy!
